#
# A fatal error has been detected by the Java Runtime Environment:
#
#  Internal Error (jvmciRuntime.cpp:1609), pid=31, tid=45
#  fatal error: Fatal exception in JVMCI: Error calling jdk.vm.ci.services.Services.serializeSavedProperties
#
# JRE version: OpenJDK Runtime Environment GraalVM CE 22.3.0 (17.0.5+8) (build 17.0.5+8-jvmci-22.3-b08)
# Java VM: OpenJDK 64-Bit Server VM GraalVM CE 22.3.0 (17.0.5+8-jvmci-22.3-b08, mixed mode, sharing, tiered, jvmci, jvmci compiler, compressed oops, compressed class ptrs, parallel gc, linux-amd64)
# Problematic frame:
# V  [libjvm.so+0x972714]  JVMCIRuntime::fatal_exception(JVMCIEnv*, char const*)+0x74
#
# Core dump will be written. Default location: Core dumps may be processed with "/usr/share/apport/apport -p%p -s%s -c%c -d%d -P%P -u%u -g%g -- %E" (or dumping to /home/runner/stable-program-VeryProfessionalUsername/core.31)
#
# If you would like to submit a bug report, please visit:
#   https://github.com/oracle/graal/issues
#

---------------  S U M M A R Y ------------

Command Line: -XX:ThreadPriorityPolicy=1 -XX:+UnlockExperimentalVMOptions -XX:+EnableJVMCIProduct -XX:JVMCIThreadsPerNativeLibraryRuntime=1 -XX:-UnlockExperimentalVMOptions -Declipse.application=org.eclipse.jdt.ls.core.id1 -Dosgi.bundles.defaultStartLevel=4 -Declipse.product=org.eclipse.jdt.ls.core.product -Dlog.level=ALL -Xverify:none -XX:+UseParallelGC -XX:GCTimeRatio=4 -XX:AdaptiveSizePolicyWeight=90 -Dsun.zip.disableMemoryMapping=true -Xmx512m -Xms100m /nix/store/m6gcpi1ii6rghy04cjwjddcavv7i90df-jdt-language-server-1.9.0/share/java/plugins/org.eclipse.equinox.launcher_1.6.400.v20210924-0641.jar --add-modules=ALL-SYSTEM --add-opens java.base/java.util=ALL-UNNAMED --add-opens java.base/java.lang=ALL-UNNAMED -configuration /home/runner/.cache/jdt-language-server/config -data /home/runner/.cache/jdt-language-server/data/home/runner/stable-program-VeryProfessionalUsername

Host: AMD EPYC 7B12, 8 cores, 1G, Ubuntu 20.04.2 LTS
Time: Tue Feb 28 18:26:06 2023 UTC elapsed time: 1679.514595 seconds (0d 0h 27m 59s)

---------------  T H R E A D  ---------------

Current thread (0x00007f73580b2210):  JavaThread "JVMCI-native CompilerThread0" daemon [_thread_in_vm, id=45, stack(0x00007f735cd18000,0x00007f735cf18000)]


Current CompileTask:
JVMCI-native:1679514 7105 %     4       sun.nio.fs.UnixPath::normalizeAndCheck @ 9 (75 bytes)

Stack: [0x00007f735cd18000,0x00007f735cf18000],  sp=0x00007f735cf16380,  free space=2040k
Native frames: (J=compiled Java code, j=interpreted, Vv=VM code, C=native code)
V  [libjvm.so+0x972714]  JVMCIRuntime::fatal_exception(JVMCIEnv*, char const*)+0x74
V  [libjvm.so+0x93e2fe]  JVMCIEnv::copy_saved_properties()+0x14e
V  [libjvm.so+0x9732a9]  JVMCIRuntime::initialize(JVMCIEnv*)+0xb19
V  [libjvm.so+0x9738a2]  JVMCIRuntime::get_HotSpotJVMCIRuntime(JVMCIEnv*)+0x12
V  [libjvm.so+0x9749f2]  JVMCIRuntime::compile_method(JVMCIEnv*, JVMCICompiler*, methodHandle const&, int)+0xd2
V  [libjvm.so+0x5b0d20]  CompileBroker::invoke_compiler_on_method(CompileTask*)+0x1470
V  [libjvm.so+0x5b12e8]  CompileBroker::compiler_thread_loop()+0x528
V  [libjvm.so+0xd82460]  JavaThread::thread_main_inner()+0xd0
V  [libjvm.so+0xd85a40]  Thread::call_run()+0xc0
V  [libjvm.so+0xbdb1e1]  thread_native_entry(Thread*)+0xe1

Register to memory mapping:

RAX=0x00007f735fe9a000 points into unknown readable memory: 0x0000000000000058 | 58 00 00 00 00 00 00 00
RBX=0x00007f7360f95398: <offset 0x0000000000ef5398> in /nix/store/gpxl5qgg8kicmcvivwmybwjlpf7wh20l-graalvm17-ce-22.3.0/lib/server/libjvm.so at 0x00007f73600a0000
RCX=0x00007f7360f4d1e8: <offset 0x0000000000ead1e8> in /nix/store/gpxl5qgg8kicmcvivwmybwjlpf7wh20l-graalvm17-ce-22.3.0/lib/server/libjvm.so at 0x00007f73600a0000
RDX=0x0000000000000649 is an unknown value
RSP=0x00007f735cf16380 is pointing into the stack for thread: 0x00007f73580b2210
RBP=0x00007f735cf163a0 is pointing into the stack for thread: 0x00007f73580b2210
RSI=0x00007f7360f95c48: <offset 0x0000000000ef5c48> in /nix/store/gpxl5qgg8kicmcvivwmybwjlpf7wh20l-graalvm17-ce-22.3.0/lib/server/libjvm.so at 0x00007f73600a0000
RDI=0x00000000e0000000 is an oop: java.lang.String 
{0x00000000e0000000} - klass: 'java/lang/String'
 - string: "resolution"
R8 =0x00007f7360f95398: <offset 0x0000000000ef5398> in /nix/store/gpxl5qgg8kicmcvivwmybwjlpf7wh20l-graalvm17-ce-22.3.0/lib/server/libjvm.so at 0x00007f73600a0000
R9 =0x00007f735cf16330 is pointing into the stack for thread: 0x00007f73580b2210
R10=0x00007f735cf17948 is pointing into the stack for thread: 0x00007f73580b2210
R11=0x0000000000000293 is an unknown value
R12=0x0 is NULL
R13=0x00007f73580b2210 is a thread
R14=0x00007f7358000b80 points into unknown readable memory: 0x00007f73611c6a38 | 38 6a 1c 61 73 7f 00 00
R15=0x00007f73612d4e40: <offset 0x0000000001234e40> in /nix/store/gpxl5qgg8kicmcvivwmybwjlpf7wh20l-graalvm17-ce-22.3.0/lib/server/libjvm.so at 0x00007f73600a0000


Registers:
RAX=0x00007f735fe9a000, RBX=0x00007f7360f95398, RCX=0x00007f7360f4d1e8, RDX=0x0000000000000649
RSP=0x00007f735cf16380, RBP=0x00007f735cf163a0, RSI=0x00007f7360f95c48, RDI=0x00000000e0000000
R8 =0x00007f7360f95398, R9 =0x00007f735cf16330, R10=0x00007f735cf17948, R11=0x0000000000000293
R12=0x0000000000000000, R13=0x00007f73580b2210, R14=0x00007f7358000b80, R15=0x00007f73612d4e40
RIP=0x00007f7360a12714, EFLAGS=0x0000000000010206, CSGSFS=0x002b000000000033, ERR=0x0000000000000006
  TRAPNO=0x000000000000000e

Top of Stack: (sp=0x00007f735cf16380)
0x00007f735cf16380:   00007f735cf16940 00007f73580b2210
0x00007f735cf16390:   00007f735e82b8c8 0000000800c417a0
0x00007f735cf163a0:   00007f735cf16500 00007f73609de2fe
0x00007f735cf163b0:   00007f735cf163e0 00007f735cf16440 

Instructions: (pc=0x00007f7360a12714)
0x00007f7360a12614:   30 e8 f6 cf e8 ff 4c 89 e7 e8 2e 48 d1 ff 84 db
0x00007f7360a12624:   75 2a 4d 85 ed 74 04 4d 8b 6d 00 48 83 c4 08 44
0x00007f7360a12634:   89 f9 4c 89 f2 4c 89 ee 5b 4c 89 e7 41 5c 41 5d
0x00007f7360a12644:   41 5e 41 5f 5d e9 e2 47 d1 ff 66 90 48 83 c4 08
0x00007f7360a12654:   5b 41 5c 41 5d 41 5e 41 5f 5d c3 90 31 d2 be 08
0x00007f7360a12664:   00 00 00 4c 89 ff e8 b1 78 a3 ff 49 89 c5 e9 37
0x00007f7360a12674:   ff ff ff 66 0f 1f 84 00 00 00 00 00 48 8b 7a 08
0x00007f7360a12684:   e9 6d ff ff ff 0f 1f 80 00 00 00 00 e8 5b 48 0a
0x00007f7360a12694:   00 84 c0 75 89 e9 6a ff ff ff 66 90 55 48 89 e5
0x00007f7360a126a4:   41 56 41 55 41 54 49 89 fc 53 48 89 f3 66 48 8d
0x00007f7360a126b4:   3d 27 5e 85 00 66 66 48 e8 df 43 8d ff 4c 8b 28
0x00007f7360a126c4:   8b 05 be 72 8a 00 85 c0 75 14 ba 01 00 00 00 48
0x00007f7360a126d4:   8d 0d ae 72 8a 00 f0 0f b1 11 85 c0 74 4e be c8
0x00007f7360a126e4:   00 00 00 4c 89 ef e8 01 0b 41 00 48 8d 05 12 ac
0x00007f7360a126f4:   85 00 49 89 d8 48 8d 0d e8 aa 53 00 ba 49 06 00
0x00007f7360a12704:   00 48 8d 35 3c 35 58 00 bf 00 00 00 e0 48 8b 00
0x00007f7360a12714:   c6 00 58 31 c0 e8 e2 91 c6 ff 5b 41 5c 41 5d 41
0x00007f7360a12724:   5e 5d e9 55 34 26 00 0f 1f 44 00 00 48 8d 05 81
0x00007f7360a12734:   a3 8b 00 48 89 df 4c 8b 30 e8 9e 43 8d ff 48 89
0x00007f7360a12744:   de 48 89 c2 49 8b 06 4c 89 f7 ff 50 08 4c 89 f7
0x00007f7360a12754:   e8 a7 5c 27 00 4d 85 e4 74 12 be 01 00 00 00 4c
0x00007f7360a12764:   89 e7 e8 35 43 fc ff eb 82 0f 1f 00 be 01 00 00
0x00007f7360a12774:   00 4c 89 ef e8 d3 fd ff ff e9 6d ff ff ff 66 66
0x00007f7360a12784:   2e 0f 1f 84 00 00 00 00 00 0f 1f 00 55 48 89 e5
0x00007f7360a12794:   41 57 41 56 41 55 41 54 53 48 81 ec 08 02 00 00
0x00007f7360a127a4:   64 48 8b 04 25 28 00 00 00 48 89 45 c8 8b 07 83
0x00007f7360a127b4:   f8 02 0f 84 11 04 00 00 4c 8b 6f 18 49 89 ff 49
0x00007f7360a127c4:   89 f4 4d 85 ed 74 14 4c 89 ef e8 5d 57 22 00 41
0x00007f7360a127d4:   8b 07 83 f8 02 0f 84 19 04 00 00 48 8d 1d 9a 06
0x00007f7360a127e4:   8a 00 4c 8d 35 0b 3c 58 00 eb 38 90 48 85 d2 7f
0x00007f7360a127f4:   0d 48 8d 05 b4 c0 85 00 48 83 38 00 7e 0e 41 8b
0x00007f7360a12804:   77 2c 4c 89 f7 31 c0 e8 a0 b2 f7 ff 49 8b 7f 18 


Stack slot to memory mapping:
stack at sp + 0 slots: 0x00007f735cf16940 is pointing into the stack for thread: 0x00007f73580b2210
stack at sp + 1 slots: 0x00007f73580b2210 is a thread
stack at sp + 2 slots: 0x00007f735e82b8c8 points into unknown readable memory: 0x6573001880c9ffff | ff ff c9 80 18 00 73 65
stack at sp + 3 slots: 0x0000000800c417a0 is a pointer to class: 
jdk.vm.ci.services.Services {0x0000000800c417a0}
 - instance size:     2
 - klass size:        65
 - access:            public final synchronized 
 - state:             fully_initialized
 - name:              'jdk/vm/ci/services/Services'
 - super:             'java/lang/Object'
 - sub:               
 - arrays:            NULL
 - methods:           Array<T>(0x00007f735d835c18)
 - method ordering:   Array<T>(0x0000000800928960)
 - default_methods:   Array<T>(0x0000000000000000)
 - local interfaces:  Array<T>(0x00000008005ce810)
 - trans. interfaces: Array<T>(0x00000008005ce810)
 - constants:         constant pool [427] {0x00007f735d834cf8} for 'jdk/vm/ci/services/Services' cache=0x00007f735d836ee8
 - class loader data:  loader data: 0x00007f7358028410 of 'bootstrap'
 - source file:       'Services.java'
 - class annotations:       Array<T>(0x0000000000000000)
 - class type annotations:  Array<T>(0x0000000000000000)
 - field annotations:       Array<T>(0x0000000000000000)
 - field type annotations:  Array<T>(0x0000000000000000)
 - inner classes:     Array<T>(0x00007f735d836eb8)
 - nest members:     Array<T>(0x00007f735d836ed8)
 - permitted subclasses:     Array<T>(0x00000008005ce7a0)
 - java mirror:       a 'java/lang/Class'{0x00000000e01496f8} = 'jdk/vm/ci/services/Services'
 - vtable length      5  (start addr: 0x0000000800c41970)
 - itable length      2 (start addr: 0x0000000800c41998)
 - ---- static fields (3 words):
 - public static final 'IS_BUILDING_NATIVE_IMAGE' 'Z' @128 
 - public static final 'IS_IN_NATIVE_IMAGE' 'Z' @129 
 - private static volatile 'savedProperties' 'Ljava/util/Map;' @112 
 - static final 'JVMCI_ENABLED' 'Z' @130 
 - private static final 'servicesCache' 'Ljava/util/Map;' @116 
 - private static final 'MAX_UNICODE_IN_UTF8_LENGTH' 'I' @120 
 - private static final 'MAX_UTF8_PROPERTY_STRING_LENGTH' 'I' @124 
 - ---- non-static fields (0 words):
 - non-static oop maps: 
stack at sp + 4 slots: 0x00007f735cf16500 is pointing into the stack for thread: 0x00007f73580b2210
stack at sp + 5 slots: 0x00007f73609de2fe: <offset 0x000000000093e2fe> in /nix/store/gpxl5qgg8kicmcvivwmybwjlpf7wh20l-graalvm17-ce-22.3.0/lib/server/libjvm.so at 0x00007f73600a0000
stack at sp + 6 slots: 0x00007f735cf163e0 is pointing into the stack for thread: 0x00007f73580b2210
stack at sp + 7 slots: 0x00007f735cf16440 is pointing into the stack for thread: 0x00007f73580b2210


---------------  P R O C E S S  ---------------

Threads class SMR info:
_java_thread_list=0x00007f72c001e570, length=25, elements={
0x00007f73580266b0, 0x00007f73580a64f0, 0x00007f73580a7930, 0x00007f73580ae080,
0x00007f73580af430, 0x00007f73580b0820, 0x00007f73580b2210, 0x00007f73580b3720,
0x00007f73580b4b70, 0x00007f73580e0780, 0x00007f7358132730, 0x00007f73583450e0,
0x00007f7358378840, 0x00007f735837b2e0, 0x00007f73580f6b70, 0x00007f72f001a770,
0x00007f72f02a0ee0, 0x00007f72f049a3d0, 0x00007f72f06421d0, 0x00007f73583ef8d0,
0x00007f73584d2a80, 0x00007f72e017a310, 0x00007f72d80010d0, 0x00007f72e00b3a00,
0x00007f72dc0304d0
}

Java Threads: ( => current thread )
  0x00007f73580266b0 JavaThread "main" [_thread_blocked, id=37, stack(0x00007f735febb000,0x00007f735ffbb000)]
  0x00007f73580a64f0 JavaThread "Reference Handler" daemon [_thread_blocked, id=40, stack(0x00007f735d5fe000,0x00007f735d6fe000)]
  0x00007f73580a7930 JavaThread "Finalizer" daemon [_thread_blocked, id=41, stack(0x00007f735d4fe000,0x00007f735d5fe000)]
  0x00007f73580ae080 JavaThread "Signal Dispatcher" daemon [_thread_blocked, id=42, stack(0x00007f735d118000,0x00007f735d218000)]
  0x00007f73580af430 JavaThread "Service Thread" daemon [_thread_blocked, id=43, stack(0x00007f735d018000,0x00007f735d118000)]
  0x00007f73580b0820 JavaThread "Monitor Deflation Thread" daemon [_thread_blocked, id=44, stack(0x00007f735cf18000,0x00007f735d018000)]
=>0x00007f73580b2210 JavaThread "JVMCI-native CompilerThread0" daemon [_thread_in_vm, id=45, stack(0x00007f735cd18000,0x00007f735cf18000)]
  0x00007f73580b3720 JavaThread "C1 CompilerThread0" daemon [_thread_blocked, id=46, stack(0x00007f735cb18000,0x00007f735cd18000)]
  0x00007f73580b4b70 JavaThread "Sweeper thread" daemon [_thread_blocked, id=47, stack(0x00007f735ca18000,0x00007f735cb18000)]
  0x00007f73580e0780 JavaThread "Common-Cleaner" daemon [_thread_blocked, id=48, stack(0x00007f735c918000,0x00007f735ca18000)]
  0x00007f7358132730 JavaThread "Notification Thread" daemon [_thread_blocked, id=50, stack(0x00007f735c818000,0x00007f735c918000)]
  0x00007f73583450e0 JavaThread "Active Thread: Equinox Container: 1c939067-cede-46cd-aa95-e50d788916b2" [_thread_blocked, id=97, stack(0x00007f735c500000,0x00007f735c600000)]
  0x00007f7358378840 JavaThread "Framework Event Dispatcher: Equinox Container: 1c939067-cede-46cd-aa95-e50d788916b2" daemon [_thread_blocked, id=99, stack(0x00007f735c300000,0x00007f735c400000)]
  0x00007f735837b2e0 JavaThread "Start Level: Equinox Container: 1c939067-cede-46cd-aa95-e50d788916b2" daemon [_thread_blocked, id=100, stack(0x00007f735c100000,0x00007f735c200000)]
  0x00007f73580f6b70 JavaThread "Refresh Thread: Equinox Container: 1c939067-cede-46cd-aa95-e50d788916b2" daemon [_thread_blocked, id=102, stack(0x00007f733f3b3000,0x00007f733f4b3000)]
  0x00007f72f001a770 JavaThread "SCR Component Actor" daemon [_thread_blocked, id=103, stack(0x00007f733cf00000,0x00007f733d000000)]
  0x00007f72f02a0ee0 JavaThread "Worker-JM" [_thread_blocked, id=105, stack(0x00007f733cb00000,0x00007f733cc00000)]
  0x00007f72f049a3d0 JavaThread "Java indexing" daemon [_thread_blocked, id=109, stack(0x00007f733c300000,0x00007f733c400000)]
  0x00007f72f06421d0 JavaThread "Bundle File Closer" daemon [_thread_blocked, id=110, stack(0x00007f733c100000,0x00007f733c200000)]
  0x00007f73583ef8d0 JavaThread "pool-3-thread-1" [_thread_blocked, id=111, stack(0x00007f7306d00000,0x00007f7306e00000)]
  0x00007f73584d2a80 JavaThread "pool-2-thread-1" [_thread_blocked, id=112, stack(0x00007f733cd00000,0x00007f733ce00000)]
  0x00007f72e017a310 JavaThread "Thread-2" [_thread_blocked, id=214, stack(0x00007f7306700000,0x00007f7306800000)]
  0x00007f72d80010d0 JavaThread "Worker-7" [_thread_blocked, id=3345, stack(0x00007f733c700000,0x00007f733c800000)]
  0x00007f72e00b3a00 JavaThread "Thread-3" [_thread_blocked, id=3928, stack(0x00007f733c500000,0x00007f733c600000)]
  0x00007f72dc0304d0 JavaThread "Worker-9" [_thread_blocked, id=6385, stack(0x00007f7306900000,0x00007f7306a00000)]

Other Threads:
  0x00007f73580a1c30 VMThread "VM Thread" [stack: 0x00007f735d700000,0x00007f735d800000] [id=39] _threads_hazard_ptr=0x00007f72c001e570
  0x00007f73581340d0 WatcherThread [stack: 0x00007f735c718000,0x00007f735c818000] [id=51]
  0x00007f735803df50 GCTaskThread "GC Thread#0" [stack: 0x00007f735fa7e000,0x00007f735fb7e000] [id=38]

Threads with active compile tasks:
JVMCI-native CompilerThread0  1679552 7105 %     4       sun.nio.fs.UnixPath::normalizeAndCheck @ 9 (75 bytes)

VM state: synchronizing (normal execution)

VM Mutex/Monitor currently owned by a thread:  ([mutex/lock_event])
[0x00007f7358023860] Threads_lock - owner thread: 0x00007f73580a1c30
[0x00007f7358024010] Heap_lock - owner thread: 0x00007f72f049a3d0

OutOfMemory and StackOverflow Exception counts:
OutOfMemoryError java_heap_errors=12
LinkageErrors=51

Heap address: 0x00000000e0000000, size: 512 MB, Compressed Oops mode: 32-bit

CDS archive(s) mapped at: [0x0000000800000000-0x0000000800bc8000-0x0000000800bc8000), size 12353536, SharedBaseAddress: 0x0000000800000000, ArchiveRelocationMode: 0.
Compressed class space mapped at: 0x0000000800c00000-0x0000000840c00000, reserved size: 1073741824
Narrow klass base: 0x0000000800000000, Narrow klass shift: 0, Narrow klass range: 0x100000000

GC Precious Log:
 CPUs: 8 total, 1 available
 Memory: 1024M
 Large Page Support: Disabled
 NUMA Support: Disabled
 Compressed Oops: Enabled (32-bit)
 Alignments: Space 512K, Generation 512K, Heap 2M
 Heap Min Capacity: 100M
 Heap Initial Capacity: 100M
 Heap Max Capacity: 512M
 Pre-touch: Disabled
 Parallel Workers: 1

Heap:
 PSYoungGen      total 46080K, used 25088K [0x00000000f5580000, 0x00000000f9b00000, 0x0000000100000000)
  eden space 25088K, 100% used [0x00000000f5580000,0x00000000f6e00000,0x00000000f6e00000)
  from space 20992K, 0% used [0x00000000f8680000,0x00000000f8680000,0x00000000f9b00000)
  to   space 10752K, 0% used [0x00000000f6e00000,0x00000000f6e00000,0x00000000f7880000)
 ParOldGen       total 349696K, used 349694K [0x00000000e0000000, 0x00000000f5580000, 0x00000000f5580000)
  object space 349696K, 99% used [0x00000000e0000000,0x00000000f557fa40,0x00000000f5580000)
 Metaspace       used 51326K, committed 52096K, reserved 1097728K
  class space    used 5125K, committed 5440K, reserved 1048576K

Card table byte_map: [0x00007f735fb7e000,0x00007f735fc7f000] _byte_map_base: 0x00007f735f47e000

Marking Bits: (ParMarkBitMap*) 0x00007f73612ce4c0
 Begin Bits: [0x00007f735e9d1000, 0x00007f735f1d1000)
 End Bits:   [0x00007f735f1d1000, 0x00007f735f9d1000)

Polling page: 0x00007f735fe98000

Metaspace:

Usage:
  Non-class:     45.12 MB used.
      Class:      5.01 MB used.
       Both:     50.12 MB used.

Virtual space:
  Non-class space:       48.00 MB reserved,      45.56 MB ( 95%) committed,  6 nodes.
      Class space:        1.00 GB reserved,       5.31 MB ( <1%) committed,  1 nodes.
             Both:        1.05 GB reserved,      50.88 MB (  5%) committed. 

Chunk freelists:
   Non-Class:  2.32 MB
       Class:  2.72 MB
        Both:  5.04 MB

MaxMetaspaceSize: unlimited
CompressedClassSpaceSize: 1.00 GB
Initial GC threshold: 21.00 MB
Current GC threshold: 84.69 MB
CDS: on
MetaspaceReclaimPolicy: balanced
 - commit_granule_bytes: 65536.
 - commit_granule_words: 8192.
 - virtual_space_node_default_size: 1048576.
 - enlarge_chunks_in_place: 1.
 - new_chunks_are_fully_committed: 0.
 - uncommit_free_chunks: 1.
 - use_allocation_guard: 0.
 - handle_deallocations: 1.


Internal statistics:

num_allocs_failed_limit: 6.
num_arena_births: 344.
num_arena_deaths: 74.
num_vsnodes_births: 7.
num_vsnodes_deaths: 0.
num_space_committed: 813.
num_space_uncommitted: 0.
num_chunks_returned_to_freelist: 101.
num_chunks_taken_from_freelist: 2229.
num_chunk_merges: 35.
num_chunk_splits: 1479.
num_chunks_enlarged: 966.
num_purges: 6.
num_inconsistent_stats: 0.

CodeHeap 'non-profiled nmethods': size=120036Kb used=2097Kb max_used=2097Kb free=117939Kb
 bounds [0x00007f7346f7a000, 0x00007f73471ea000, 0x00007f734e4b3000]
CodeHeap 'profiled nmethods': size=120032Kb used=11129Kb max_used=13483Kb free=108902Kb
 bounds [0x00007f733fa42000, 0x00007f73407b2000, 0x00007f7346f7a000]
CodeHeap 'non-nmethods': size=5692Kb used=1385Kb max_used=1388Kb free=4306Kb
 bounds [0x00007f733f4b3000, 0x00007f733f723000, 0x00007f733fa42000]
 total_blobs=6031 nmethods=5311 adapters=598
 compilation: enabled
              stopped_count=0, restarted_count=0
 full_count=0

JVMCI Events (20 events):
Event: 1357.154 Thread 0x00007f73580b2210 destroyed JavaVM[15]@0x00007f7305f9e340 for JVMCI runtime 0
Event: 1357.154 Thread 0x00007f73580b2210 compacted oop handles in JVMCI runtime 0 from 51 to 51
Event: 1357.154 Thread 0x00007f73580b2210 releasing handles for JVMCI runtime 0: oop handles=51, metadata handles={total=96, live=85, blocks=42}
Event: 1357.154 Thread 0x00007f73580b2210 detached from JVMCI runtime 0
Event: 1389.823 Thread 0x00007f73580b2210 attached to JVMCI runtime 0
Event: 1389.824 Thread 0x00007f73580b2210 created JavaVM[16]@0x00007f7305f9e340 for JVMCI runtime 0
Event: 1392.705 Thread 0x00007f73580b2210 initializing JVMCI runtime 0
Event: 1392.705 Thread 0x00007f73580b2210 done waiting for JavaVM references initialization in JVMCI runtime 0
Event: 1432.373 Thread 0x00007f73580b2210 initialized JVMCI runtime 0
Event: 1442.359 Thread 0x00007f73580b2210 detaching from JVMCI runtime 0: releasing idle compiler thread (0 other threads still attached)
Event: 1442.359 Thread 0x00007f73580b2210 shutting down HotSpotJVMCIRuntime for JVMCI runtime 0
Event: 1442.359 Thread 0x00007f73580b2210 shut down JVMCI runtime 0
Event: 1442.363 Thread 0x00007f73580b2210 destroyed JavaVM[16]@0x00007f7305f9e340 for JVMCI runtime 0
Event: 1442.363 Thread 0x00007f73580b2210 compacted oop handles in JVMCI runtime 0 from 47 to 47
Event: 1442.363 Thread 0x00007f73580b2210 releasing handles for JVMCI runtime 0: oop handles=47, metadata handles={total=96, live=91, blocks=42}
Event: 1442.363 Thread 0x00007f73580b2210 detached from JVMCI runtime 0
Event: 1611.124 Thread 0x00007f73580b2210 attached to JVMCI runtime 0
Event: 1611.126 Thread 0x00007f73580b2210 created JavaVM[17]@0x00007f7305f9e340 for JVMCI runtime 0
Event: 1611.126 Thread 0x00007f73580b2210 initializing JVMCI runtime 0
Event: 1611.126 Thread 0x00007f73580b2210 done waiting for JavaVM references initialization in JVMCI runtime 0

Compilation events (20 events):
Event: 1355.748 Thread 0x00007f73580b2210 nmethod 7095 0x00007f7347183810 code [0x00007f73471839c0, 0x00007f7347183e80]
Event: 1389.823 Thread 0x00007f73580b2210 7096       4       jdk.internal.reflect.ClassFileAssembler::emitConstantPoolUTF8 (50 bytes)
Event: 1419.042 Thread 0x00007f73580b3720 7098       3       jdk.internal.reflect.ClassFileAssembler::getLength (11 bytes)
Event: 1419.043 Thread 0x00007f73580b3720 nmethod 7098 0x00007f733fbe7790 code [0x00007f733fbe7940, 0x00007f733fbe7af0]
Event: 1440.944 Thread 0x00007f73580b2210 nmethod 7096 0x00007f7347184090 code [0x00007f73471842a0, 0x00007f7347184eb0]
Event: 1440.944 Thread 0x00007f73580b2210 7097       4       jdk.internal.reflect.ClassFileAssembler::emitShort (24 bytes)
Event: 1440.958 Thread 0x00007f73580b2210 nmethod 7097 0x00007f7347185710 code [0x00007f73471858c0, 0x00007f7347185bc0]
Event: 1461.341 Thread 0x00007f73580b3720 7099       3       java.util.concurrent.ScheduledThreadPoolExecutor$ScheduledFutureTask::getDelay (16 bytes)
Event: 1462.727 Thread 0x00007f73580b3720 nmethod 7099 0x00007f733ff33a10 code [0x00007f733ff33bc0, 0x00007f733ff33d40]
Event: 1515.056 Thread 0x00007f73580b3720 7100       1       java.lang.Thread::getThreadGroup (5 bytes)
Event: 1516.364 Thread 0x00007f73580b3720 nmethod 7100 0x00007f7347185e10 code [0x00007f7347185fa0, 0x00007f7347186070]
Event: 1516.365 Thread 0x00007f73580b3720 7101       3       org.eclipse.core.internal.jobs.InternalJob::internalSetState (15 bytes)
Event: 1516.365 Thread 0x00007f73580b3720 nmethod 7101 0x00007f733fca7690 code [0x00007f733fca7820, 0x00007f733fca7930]
Event: 1576.524 Thread 0x00007f73580b3720 7102       1       org.eclipse.osgi.internal.location.BasicLocation::isReadOnly (5 bytes)
Event: 1576.524 Thread 0x00007f73580b3720 nmethod 7102 0x00007f7347186110 code [0x00007f73471862a0, 0x00007f7347186370]
Event: 1591.753 Thread 0x00007f73580b3720 7103       3       org.eclipse.core.runtime.SubMonitor::isCanceled (20 bytes)
Event: 1591.753 Thread 0x00007f73580b3720 nmethod 7103 0x00007f733fe21a90 code [0x00007f733fe21c40, 0x00007f733fe22040]
Event: 1604.637 Thread 0x00007f73580b3720 7104       3       java.io.Writer::<init> (22 bytes)
Event: 1604.637 Thread 0x00007f73580b3720 nmethod 7104 0x00007f733fb4a310 code [0x00007f733fb4a4c0, 0x00007f733fb4a740]
Event: 1611.124 Thread 0x00007f73580b2210 7105 %     4       sun.nio.fs.UnixPath::normalizeAndCheck @ 9 (75 bytes)

GC Heap History (20 events):
Event: 1666.657 GC heap before
{Heap before GC invocations=1233 (full 1151):
 PSYoungGen      total 46080K, used 25087K [0x00000000f5580000, 0x00000000f9b00000, 0x0000000100000000)
  eden space 25088K, 99% used [0x00000000f5580000,0x00000000f6dfffe8,0x00000000f6e00000)
  from space 20992K, 0% used [0x00000000f8680000,0x00000000f8680000,0x00000000f9b00000)
  to   space 10752K, 0% used [0x00000000f6e00000,0x00000000f6e00000,0x00000000f7880000)
 ParOldGen       total 349696K, used 349688K [0x00000000e0000000, 0x00000000f5580000, 0x00000000f5580000)
  object space 349696K, 99% used [0x00000000e0000000,0x00000000f557e3c8,0x00000000f5580000)
 Metaspace       used 51326K, committed 52096K, reserved 1097728K
  class space    used 5125K, committed 5440K, reserved 1048576K
}
Event: 1668.043 GC heap after
{Heap after GC invocations=1233 (full 1151):
 PSYoungGen      total 35840K, used 25087K [0x00000000f5580000, 0x00000000f9b00000, 0x0000000100000000)
  eden space 25088K, 99% used [0x00000000f5580000,0x00000000f6dfffe8,0x00000000f6e00000)
  from space 10752K, 0% used [0x00000000f6e00000,0x00000000f6e00000,0x00000000f7880000)
  to   space 20992K, 0% used [0x00000000f8680000,0x00000000f8680000,0x00000000f9b00000)
 ParOldGen       total 349696K, used 349688K [0x00000000e0000000, 0x00000000f5580000, 0x00000000f5580000)
  object space 349696K, 99% used [0x00000000e0000000,0x00000000f557e360,0x00000000f5580000)
 Metaspace       used 51326K, committed 52096K, reserved 1097728K
  class space    used 5125K, committed 5440K, reserved 1048576K
}
Event: 1668.043 GC heap before
{Heap before GC invocations=1234 (full 1152):
 PSYoungGen      total 35840K, used 25088K [0x00000000f5580000, 0x00000000f9b00000, 0x0000000100000000)
  eden space 25088K, 100% used [0x00000000f5580000,0x00000000f6e00000,0x00000000f6e00000)
  from space 10752K, 0% used [0x00000000f6e00000,0x00000000f6e00000,0x00000000f7880000)
  to   space 20992K, 0% used [0x00000000f8680000,0x00000000f8680000,0x00000000f9b00000)
 ParOldGen       total 349696K, used 349690K [0x00000000e0000000, 0x00000000f5580000, 0x00000000f5580000)
  object space 349696K, 99% used [0x00000000e0000000,0x00000000f557eab0,0x00000000f5580000)
 Metaspace       used 51326K, committed 52096K, reserved 1097728K
  class space    used 5125K, committed 5440K, reserved 1048576K
}
Event: 1669.317 GC heap after
{Heap after GC invocations=1234 (full 1152):
 PSYoungGen      total 46080K, used 25087K [0x00000000f5580000, 0x00000000f9b00000, 0x0000000100000000)
  eden space 25088K, 99% used [0x00000000f5580000,0x00000000f6dfffd0,0x00000000f6e00000)
  from space 20992K, 0% used [0x00000000f8680000,0x00000000f8680000,0x00000000f9b00000)
  to   space 10752K, 0% used [0x00000000f6e00000,0x00000000f6e00000,0x00000000f7880000)
 ParOldGen       total 349696K, used 349688K [0x00000000e0000000, 0x00000000f5580000, 0x00000000f5580000)
  object space 349696K, 99% used [0x00000000e0000000,0x00000000f557e1e0,0x00000000f5580000)
 Metaspace       used 51326K, committed 52096K, reserved 1097728K
  class space    used 5125K, committed 5440K, reserved 1048576K
}
Event: 1669.317 GC heap before
{Heap before GC invocations=1235 (full 1153):
 PSYoungGen      total 46080K, used 25087K [0x00000000f5580000, 0x00000000f9b00000, 0x0000000100000000)
  eden space 25088K, 99% used [0x00000000f5580000,0x00000000f6dffff0,0x00000000f6e00000)
  from space 20992K, 0% used [0x00000000f8680000,0x00000000f8680000,0x00000000f9b00000)
  to   space 10752K, 0% used [0x00000000f6e00000,0x00000000f6e00000,0x00000000f7880000)
 ParOldGen       total 349696K, used 349688K [0x00000000e0000000, 0x00000000f5580000, 0x00000000f5580000)
  object space 349696K, 99% used [0x00000000e0000000,0x00000000f557e1e0,0x00000000f5580000)
 Metaspace       used 51326K, committed 52096K, reserved 1097728K
  class space    used 5125K, committed 5440K, reserved 1048576K
}
Event: 1670.645 GC heap after
{Heap after GC invocations=1235 (full 1153):
 PSYoungGen      total 35840K, used 25087K [0x00000000f5580000, 0x00000000f9b00000, 0x0000000100000000)
  eden space 25088K, 99% used [0x00000000f5580000,0x00000000f6dffff0,0x00000000f6e00000)
  from space 10752K, 0% used [0x00000000f6e00000,0x00000000f6e00000,0x00000000f7880000)
  to   space 20992K, 0% used [0x00000000f8680000,0x00000000f8680000,0x00000000f9b00000)
 ParOldGen       total 349696K, used 349688K [0x00000000e0000000, 0x00000000f5580000, 0x00000000f5580000)
  object space 349696K, 99% used [0x00000000e0000000,0x00000000f557e1e0,0x00000000f5580000)
 Metaspace       used 51326K, committed 52096K, reserved 1097728K
  class space    used 5125K, committed 5440K, reserved 1048576K
}
Event: 1670.651 GC heap before
{Heap before GC invocations=1236 (full 1154):
 PSYoungGen      total 35840K, used 25088K [0x00000000f5580000, 0x00000000f9b00000, 0x0000000100000000)
  eden space 25088K, 100% used [0x00000000f5580000,0x00000000f6e00000,0x00000000f6e00000)
  from space 10752K, 0% used [0x00000000f6e00000,0x00000000f6e00000,0x00000000f7880000)
  to   space 20992K, 0% used [0x00000000f8680000,0x00000000f8680000,0x00000000f9b00000)
 ParOldGen       total 349696K, used 349690K [0x00000000e0000000, 0x00000000f5580000, 0x00000000f5580000)
  object space 349696K, 99% used [0x00000000e0000000,0x00000000f557e898,0x00000000f5580000)
 Metaspace       used 51326K, committed 52096K, reserved 1097728K
  class space    used 5125K, committed 5440K, reserved 1048576K
}
Event: 1671.834 GC heap after
{Heap after GC invocations=1236 (full 1154):
 PSYoungGen      total 46080K, used 25087K [0x00000000f5580000, 0x00000000f9b00000, 0x0000000100000000)
  eden space 25088K, 99% used [0x00000000f5580000,0x00000000f6dfffc0,0x00000000f6e00000)
  from space 20992K, 0% used [0x00000000f8680000,0x00000000f8680000,0x00000000f9b00000)
  to   space 10752K, 0% used [0x00000000f6e00000,0x00000000f6e00000,0x00000000f7880000)
 ParOldGen       total 349696K, used 349687K [0x00000000e0000000, 0x00000000f5580000, 0x00000000f5580000)
  object space 349696K, 99% used [0x00000000e0000000,0x00000000f557df40,0x00000000f5580000)
 Metaspace       used 51326K, committed 52096K, reserved 1097728K
  class space    used 5125K, committed 5440K, reserved 1048576K
}
Event: 1671.834 GC heap before
{Heap before GC invocations=1237 (full 1155):
 PSYoungGen      total 46080K, used 25088K [0x00000000f5580000, 0x00000000f9b00000, 0x0000000100000000)
  eden space 25088K, 100% used [0x00000000f5580000,0x00000000f6e00000,0x00000000f6e00000)
  from space 20992K, 0% used [0x00000000f8680000,0x00000000f8680000,0x00000000f9b00000)
  to   space 10752K, 0% used [0x00000000f6e00000,0x00000000f6e00000,0x00000000f7880000)
 ParOldGen       total 349696K, used 349687K [0x00000000e0000000, 0x00000000f5580000, 0x00000000f5580000)
  object space 349696K, 99% used [0x00000000e0000000,0x00000000f557df40,0x00000000f5580000)
 Metaspace       used 51326K, committed 52096K, reserved 1097728K
  class space    used 5125K, committed 5440K, reserved 1048576K
}
Event: 1673.116 GC heap after
{Heap after GC invocations=1237 (full 1155):
 PSYoungGen      total 35840K, used 25087K [0x00000000f5580000, 0x00000000f9b00000, 0x0000000100000000)
  eden space 25088K, 99% used [0x00000000f5580000,0x00000000f6dffff0,0x00000000f6e00000)
  from space 10752K, 0% used [0x00000000f6e00000,0x00000000f6e00000,0x00000000f7880000)
  to   space 20992K, 0% used [0x00000000f8680000,0x00000000f8680000,0x00000000f9b00000)
 ParOldGen       total 349696K, used 349687K [0x00000000e0000000, 0x00000000f5580000, 0x00000000f5580000)
  object space 349696K, 99% used [0x00000000e0000000,0x00000000f557df40,0x00000000f5580000)
 Metaspace       used 51326K, committed 52096K, reserved 1097728K
  class space    used 5125K, committed 5440K, reserved 1048576K
}
Event: 1673.117 GC heap before
{Heap before GC invocations=1238 (full 1156):
 PSYoungGen      total 35840K, used 25088K [0x00000000f5580000, 0x00000000f9b00000, 0x0000000100000000)
  eden space 25088K, 100% used [0x00000000f5580000,0x00000000f6e00000,0x00000000f6e00000)
  from space 10752K, 0% used [0x00000000f6e00000,0x00000000f6e00000,0x00000000f7880000)
  to   space 20992K, 0% used [0x00000000f8680000,0x00000000f8680000,0x00000000f9b00000)
 ParOldGen       total 349696K, used 349692K [0x00000000e0000000, 0x00000000f5580000, 0x00000000f5580000)
  object space 349696K, 99% used [0x00000000e0000000,0x00000000f557f230,0x00000000f5580000)
 Metaspace       used 51326K, committed 52096K, reserved 1097728K
  class space    used 5125K, committed 5440K, reserved 1048576K
}
Event: 1674.339 GC heap after
{Heap after GC invocations=1238 (full 1156):
 PSYoungGen      total 46080K, used 25087K [0x00000000f5580000, 0x00000000f9b00000, 0x0000000100000000)
  eden space 25088K, 99% used [0x00000000f5580000,0x00000000f6dfffb8,0x00000000f6e00000)
  from space 20992K, 0% used [0x00000000f8680000,0x00000000f8680000,0x00000000f9b00000)
  to   space 10752K, 0% used [0x00000000f6e00000,0x00000000f6e00000,0x00000000f7880000)
 ParOldGen       total 349696K, used 349691K [0x00000000e0000000, 0x00000000f5580000, 0x00000000f5580000)
  object space 349696K, 99% used [0x00000000e0000000,0x00000000f557eee8,0x00000000f5580000)
 Metaspace       used 51326K, committed 52096K, reserved 1097728K
  class space    used 5125K, committed 5440K, reserved 1048576K
}
Event: 1674.340 GC heap before
{Heap before GC invocations=1239 (full 1157):
 PSYoungGen      total 46080K, used 25088K [0x00000000f5580000, 0x00000000f9b00000, 0x0000000100000000)
  eden space 25088K, 100% used [0x00000000f5580000,0x00000000f6e00000,0x00000000f6e00000)
  from space 20992K, 0% used [0x00000000f8680000,0x00000000f8680000,0x00000000f9b00000)
  to   space 10752K, 0% used [0x00000000f6e00000,0x00000000f6e00000,0x00000000f7880000)
 ParOldGen       total 349696K, used 349691K [0x00000000e0000000, 0x00000000f5580000, 0x00000000f5580000)
  object space 349696K, 99% used [0x00000000e0000000,0x00000000f557eee8,0x00000000f5580000)
 Metaspace       used 51326K, committed 52096K, reserved 1097728K
  class space    used 5125K, committed 5440K, reserved 1048576K
}
Event: 1675.723 GC heap after
{Heap after GC invocations=1239 (full 1157):
 PSYoungGen      total 35840K, used 25088K [0x00000000f5580000, 0x00000000f9b00000, 0x0000000100000000)
  eden space 25088K, 100% used [0x00000000f5580000,0x00000000f6e00000,0x00000000f6e00000)
  from space 10752K, 0% used [0x00000000f6e00000,0x00000000f6e00000,0x00000000f7880000)
  to   space 20992K, 0% used [0x00000000f8680000,0x00000000f8680000,0x00000000f9b00000)
 ParOldGen       total 349696K, used 349691K [0x00000000e0000000, 0x00000000f5580000, 0x00000000f5580000)
  object space 349696K, 99% used [0x00000000e0000000,0x00000000f557eee8,0x00000000f5580000)
 Metaspace       used 51326K, committed 52096K, reserved 1097728K
  class space    used 5125K, committed 5440K, reserved 1048576K
}
Event: 1675.724 GC heap before
{Heap before GC invocations=1240 (full 1158):
 PSYoungGen      total 35840K, used 25088K [0x00000000f5580000, 0x00000000f9b00000, 0x0000000100000000)
  eden space 25088K, 100% used [0x00000000f5580000,0x00000000f6e00000,0x00000000f6e00000)
  from space 10752K, 0% used [0x00000000f6e00000,0x00000000f6e00000,0x00000000f7880000)
  to   space 20992K, 0% used [0x00000000f8680000,0x00000000f8680000,0x00000000f9b00000)
 ParOldGen       total 349696K, used 349694K [0x00000000e0000000, 0x00000000f5580000, 0x00000000f5580000)
  object space 349696K, 99% used [0x00000000e0000000,0x00000000f557f8c0,0x00000000f5580000)
 Metaspace       used 51326K, committed 52096K, reserved 1097728K
  class space    used 5125K, committed 5440K, reserved 1048576K
}
Event: 1676.953 GC heap after
{Heap after GC invocations=1240 (full 1158):
 PSYoungGen      total 46080K, used 25088K [0x00000000f5580000, 0x00000000f9b00000, 0x0000000100000000)
  eden space 25088K, 100% used [0x00000000f5580000,0x00000000f6e00000,0x00000000f6e00000)
  from space 20992K, 0% used [0x00000000f8680000,0x00000000f8680000,0x00000000f9b00000)
  to   space 10752K, 0% used [0x00000000f6e00000,0x00000000f6e00000,0x00000000f7880000)
 ParOldGen       total 349696K, used 349693K [0x00000000e0000000, 0x00000000f5580000, 0x00000000f5580000)
  object space 349696K, 99% used [0x00000000e0000000,0x00000000f557f508,0x00000000f5580000)
 Metaspace       used 51326K, committed 52096K, reserved 1097728K
  class space    used 5125K, committed 5440K, reserved 1048576K
}
Event: 1676.953 GC heap before
{Heap before GC invocations=1241 (full 1159):
 PSYoungGen      total 46080K, used 25088K [0x00000000f5580000, 0x00000000f9b00000, 0x0000000100000000)
  eden space 25088K, 100% used [0x00000000f5580000,0x00000000f6e00000,0x00000000f6e00000)
  from space 20992K, 0% used [0x00000000f8680000,0x00000000f8680000,0x00000000f9b00000)
  to   space 10752K, 0% used [0x00000000f6e00000,0x00000000f6e00000,0x00000000f7880000)
 ParOldGen       total 349696K, used 349693K [0x00000000e0000000, 0x00000000f5580000, 0x00000000f5580000)
  object space 349696K, 99% used [0x00000000e0000000,0x00000000f557f6a0,0x00000000f5580000)
 Metaspace       used 51326K, committed 52096K, reserved 1097728K
  class space    used 5125K, committed 5440K, reserved 1048576K
}
Event: 1678.252 GC heap after
{Heap after GC invocations=1241 (full 1159):
 PSYoungGen      total 35840K, used 25088K [0x00000000f5580000, 0x00000000f9b00000, 0x0000000100000000)
  eden space 25088K, 100% used [0x00000000f5580000,0x00000000f6e00000,0x00000000f6e00000)
  from space 10752K, 0% used [0x00000000f6e00000,0x00000000f6e00000,0x00000000f7880000)
  to   space 20992K, 0% used [0x00000000f8680000,0x00000000f8680000,0x00000000f9b00000)
 ParOldGen       total 349696K, used 349693K [0x00000000e0000000, 0x00000000f5580000, 0x00000000f5580000)
  object space 349696K, 99% used [0x00000000e0000000,0x00000000f557f540,0x00000000f5580000)
 Metaspace       used 51326K, committed 52096K, reserved 1097728K
  class space    used 5125K, committed 5440K, reserved 1048576K
}
Event: 1678.252 GC heap before
{Heap before GC invocations=1242 (full 1160):
 PSYoungGen      total 35840K, used 25088K [0x00000000f5580000, 0x00000000f9b00000, 0x0000000100000000)
  eden space 25088K, 100% used [0x00000000f5580000,0x00000000f6e00000,0x00000000f6e00000)
  from space 10752K, 0% used [0x00000000f6e00000,0x00000000f6e00000,0x00000000f7880000)
  to   space 20992K, 0% used [0x00000000f8680000,0x00000000f8680000,0x00000000f9b00000)
 ParOldGen       total 349696K, used 349693K [0x00000000e0000000, 0x00000000f5580000, 0x00000000f5580000)
  object space 349696K, 99% used [0x00000000e0000000,0x00000000f557f540,0x00000000f5580000)
 Metaspace       used 51326K, committed 52096K, reserved 1097728K
  class space    used 5125K, committed 5440K, reserved 1048576K
}
Event: 1679.480 GC heap after
{Heap after GC invocations=1242 (full 1160):
 PSYoungGen      total 46080K, used 25088K [0x00000000f5580000, 0x00000000f9b00000, 0x0000000100000000)
  eden space 25088K, 100% used [0x00000000f5580000,0x00000000f6e00000,0x00000000f6e00000)
  from space 20992K, 0% used [0x00000000f8680000,0x00000000f8680000,0x00000000f9b00000)
  to   space 10752K, 0% used [0x00000000f6e00000,0x00000000f6e00000,0x00000000f7880000)
 ParOldGen       total 349696K, used 349693K [0x00000000e0000000, 0x00000000f5580000, 0x00000000f5580000)
  object space 349696K, 99% used [0x00000000e0000000,0x00000000f557f540,0x00000000f5580000)
 Metaspace       used 51326K, committed 52096K, reserved 1097728K
  class space    used 5125K, committed 5440K, reserved 1048576K
}

Dll operation events (9 events):
Event: 0.002 Loaded shared library /nix/store/gpxl5qgg8kicmcvivwmybwjlpf7wh20l-graalvm17-ce-22.3.0/lib/libjava.so
Event: 0.008 Loaded shared library /nix/store/gpxl5qgg8kicmcvivwmybwjlpf7wh20l-graalvm17-ce-22.3.0/lib/libjsvml.so
Event: 0.167 Loaded shared library /nix/store/gpxl5qgg8kicmcvivwmybwjlpf7wh20l-graalvm17-ce-22.3.0/lib/libnio.so
Event: 0.169 Loaded shared library /nix/store/gpxl5qgg8kicmcvivwmybwjlpf7wh20l-graalvm17-ce-22.3.0/lib/libzip.so
Event: 0.214 Loaded shared library /nix/store/gpxl5qgg8kicmcvivwmybwjlpf7wh20l-graalvm17-ce-22.3.0/lib/libjvmcicompiler.so
Event: 0.649 Loaded shared library /nix/store/gpxl5qgg8kicmcvivwmybwjlpf7wh20l-graalvm17-ce-22.3.0/lib/libjimage.so
Event: 1.232 Loaded shared library /nix/store/gpxl5qgg8kicmcvivwmybwjlpf7wh20l-graalvm17-ce-22.3.0/lib/libnet.so
Event: 5.725 Loaded shared library /home/runner/.cache/jdt-language-server/config/org.eclipse.equinox.launcher/org.eclipse.equinox.launcher.gtk.linux.x86_64_1.2.400.v20211117-0650/eclipse_11600.so
Event: 17.313 Loaded shared library /nix/store/gpxl5qgg8kicmcvivwmybwjlpf7wh20l-graalvm17-ce-22.3.0/lib/libextnet.so

Deoptimization events (20 events):
Event: 60.920 Thread 0x00007f72f049a3d0 DEOPT PACKING pc=0x00007f73403e69dd sp=0x00007f733c3fe530
Event: 60.920 Thread 0x00007f72f049a3d0 DEOPT UNPACKING pc=0x00007f733f505325 sp=0x00007f733c3fda20 mode 0
Event: 60.921 Thread 0x00007f72f049a3d0 DEOPT PACKING pc=0x00007f73403e69dd sp=0x00007f733c3fe530
Event: 60.921 Thread 0x00007f72f049a3d0 DEOPT UNPACKING pc=0x00007f733f505325 sp=0x00007f733c3fda20 mode 0
Event: 1485.016 Thread 0x00007f72f049a3d0 Uncommon trap: trap_request=0xffffff8f fr.pc=0x00007f73470e6a89 relative=0x0000000000001049
Event: 1485.016 Thread 0x00007f72f049a3d0 Uncommon trap: reason=constraint action=none pc=0x00007f73470e6a89 method=org.eclipse.jdt.internal.core.index.DiskIndex.copyQueryResults(Lorg/eclipse/jdt/internal/compiler/util/HashtableOfObject;I)V @ 123 jvmci
Event: 1485.016 Thread 0x00007f72f049a3d0 DEOPT PACKING pc=0x00007f73470e6a89 sp=0x00007f733c3fe550
Event: 1485.016 Thread 0x00007f72f049a3d0 DEOPT UNPACKING pc=0x00007f733f505325 sp=0x00007f733c3fda28 mode 3
Event: 1586.834 Thread 0x00007f72f049a3d0 Uncommon trap: trap_request=0xffffff8f fr.pc=0x00007f73470e6aa5 relative=0x0000000000001065
Event: 1586.834 Thread 0x00007f72f049a3d0 Uncommon trap: reason=constraint action=none pc=0x00007f73470e6aa5 method=org.eclipse.jdt.internal.core.index.DiskIndex.copyQueryResults(Lorg/eclipse/jdt/internal/compiler/util/HashtableOfObject;I)V @ 123 jvmci
Event: 1586.834 Thread 0x00007f72f049a3d0 DEOPT PACKING pc=0x00007f73470e6aa5 sp=0x00007f733c3fe550
Event: 1586.834 Thread 0x00007f72f049a3d0 DEOPT UNPACKING pc=0x00007f733f505325 sp=0x00007f733c3fda28 mode 3
Event: 1591.753 Thread 0x00007f72d80088f0 Uncommon trap: trap_request=0xffffff8f fr.pc=0x00007f734717ce1f relative=0x00000000000009df
Event: 1591.753 Thread 0x00007f72d80088f0 Uncommon trap: reason=constraint action=none pc=0x00007f734717ce1f method=java.util.Hashtable.addEntry(ILjava/lang/Object;Ljava/lang/Object;I)V @ 42 jvmci
Event: 1591.753 Thread 0x00007f72d80088f0 DEOPT PACKING pc=0x00007f734717ce1f sp=0x00007f7306bfd9e0
Event: 1591.753 Thread 0x00007f72d80088f0 DEOPT UNPACKING pc=0x00007f733f505325 sp=0x00007f7306bfce20 mode 3
Event: 1596.982 Thread 0x00007f72d80088f0 Uncommon trap: trap_request=0xffffff8f fr.pc=0x00007f734717ce1f relative=0x00000000000009df
Event: 1596.982 Thread 0x00007f72d80088f0 Uncommon trap: reason=constraint action=none pc=0x00007f734717ce1f method=java.util.Hashtable.addEntry(ILjava/lang/Object;Ljava/lang/Object;I)V @ 42 jvmci
Event: 1596.983 Thread 0x00007f72d80088f0 DEOPT PACKING pc=0x00007f734717ce1f sp=0x00007f7306bfd9e0
Event: 1596.983 Thread 0x00007f72d80088f0 DEOPT UNPACKING pc=0x00007f733f505325 sp=0x00007f7306bfce20 mode 3

Classes unloaded (20 events):
Event: 72.665 Thread 0x00007f73580a1c30 Unloading class 0x0000000800d98400 'java/lang/invoke/LambdaForm$MH+0x0000000800d98400'
Event: 72.665 Thread 0x00007f73580a1c30 Unloading class 0x0000000800d98000 'jdk/internal/reflect/GeneratedConstructorAccessor3'
Event: 72.665 Thread 0x00007f73580a1c30 Unloading class 0x0000000800d06800 'java/lang/invoke/LambdaForm$MH+0x0000000800d06800'
Event: 72.665 Thread 0x00007f73580a1c30 Unloading class 0x0000000800d06000 'java/lang/invoke/LambdaForm$MH+0x0000000800d06000'
Event: 72.666 Thread 0x00007f73580a1c30 Unloading class 0x0000000800d05c00 'java/lang/invoke/LambdaForm$MH+0x0000000800d05c00'
Event: 72.666 Thread 0x00007f73580a1c30 Unloading class 0x0000000800d05800 'java/lang/invoke/LambdaForm$MH+0x0000000800d05800'
Event: 72.666 Thread 0x00007f73580a1c30 Unloading class 0x0000000800d05000 'java/lang/invoke/LambdaForm$MH+0x0000000800d05000'
Event: 72.666 Thread 0x00007f73580a1c30 Unloading class 0x0000000800d04c00 'java/lang/invoke/LambdaForm$MH+0x0000000800d04c00'
Event: 72.666 Thread 0x00007f73580a1c30 Unloading class 0x0000000800d04800 'java/lang/invoke/LambdaForm$MH+0x0000000800d04800'
Event: 72.666 Thread 0x00007f73580a1c30 Unloading class 0x0000000800d04000 'java/lang/invoke/LambdaForm$MH+0x0000000800d04000'
Event: 72.666 Thread 0x00007f73580a1c30 Unloading class 0x0000000800c1d000 'jdk/internal/reflect/GeneratedMethodAccessor5'
Event: 72.666 Thread 0x00007f73580a1c30 Unloading class 0x0000000800c1cc00 'jdk/internal/reflect/GeneratedMethodAccessor4'
Event: 72.666 Thread 0x00007f73580a1c30 Unloading class 0x0000000800c1c800 'jdk/internal/reflect/GeneratedMethodAccessor3'
Event: 72.666 Thread 0x00007f73580a1c30 Unloading class 0x0000000800c1c400 'jdk/internal/reflect/GeneratedMethodAccessor2'
Event: 72.666 Thread 0x00007f73580a1c30 Unloading class 0x0000000800c1c000 'jdk/internal/reflect/GeneratedMethodAccessor1'
Event: 72.666 Thread 0x00007f73580a1c30 Unloading class 0x0000000800c01c00 'java/lang/invoke/LambdaForm$DMH+0x0000000800c01c00'
Event: 1427.218 Thread 0x00007f73580a1c30 Unloading class 0x0000000800ef4000 'jdk/internal/reflect/GeneratedSerializationConstructorAccessor7'
Event: 1489.955 Thread 0x00007f73580a1c30 Unloading class 0x0000000800ef4000 'jdk/internal/reflect/GeneratedSerializationConstructorAccessor8'
Event: 1489.955 Thread 0x00007f73580a1c30 Unloading class 0x0000000801084400 'jdk/internal/reflect/GeneratedSerializationConstructorAccessor6'
Event: 1489.955 Thread 0x00007f73580a1c30 Unloading class 0x0000000801085000 'jdk/internal/reflect/GeneratedSerializationConstructorAccessor5'

Classes redefined (0 events):
No events

Internal exceptions (20 events):
Event: 42.442 Thread 0x00007f72d8007280 Implicit null exception at 0x00007f73470d62e9 to 0x00007f73470d649b
Event: 42.444 Thread 0x00007f72d8007280 Exception <a 'java/lang/NoSuchMethodError'{0x00000000f6534c30}: 'int java.lang.invoke.DirectMethodHandle$Holder.invokeVirtual(java.lang.Object, java.lang.Object, java.lang.Object)'> (0x00000000f6534c30) 
thrown [src/hotspot/share/interpreter/linkResolver.cpp, line 758]
Event: 42.932 Thread 0x00007f72d8007280 Exception <a 'sun/nio/fs/UnixException'{0x00000000f58f7730}> (0x00000000f58f7730) 
thrown [src/hotspot/share/prims/jni.cpp, line 516]
Event: 45.537 Thread 0x00007f72e017a310 Exception <a 'java/lang/NoSuchMethodError'{0x00000000f5d4e1e0}: 'int java.lang.invoke.DirectMethodHandle$Holder.invokeStatic(java.lang.Object, java.lang.Object, java.lang.Object, int)'> (0x00000000f5d4e1e0) 
thrown [src/hotspot/share/interpreter/linkResolver.cpp, line 758]
Event: 1485.016 Thread 0x00007f72f049a3d0 Exception <a 'java/lang/OutOfMemoryError'{0x00000000e0004f30}> (0x00000000e0004f30) 
thrown [src/hotspot/share/gc/shared/memAllocator.cpp, line 138]
Event: 1485.016 Thread 0x00007f72f049a3d0 Implicit null exception at 0x00007f73470e64d3 to 0x00007f73470e6a6e
Event: 1489.035 Thread 0x00007f72c0000ff0 Exception <a 'java/lang/OutOfMemoryError'{0x00000000e00043f0}> (0x00000000e00043f0) 
thrown [src/hotspot/share/gc/shared/memAllocator.cpp, line 136]
Event: 1554.223 Thread 0x00007f72c0000ff0 Exception <a 'java/lang/OutOfMemoryError'{0x00000000e00049e0}> (0x00000000e00049e0) 
thrown [src/hotspot/share/gc/shared/memAllocator.cpp, line 136]
Event: 1572.716 Thread 0x00007f72c0000ff0 Exception <a 'java/lang/OutOfMemoryError'{0x00000000e00049e0}> (0x00000000e00049e0) 
thrown [src/hotspot/share/gc/shared/memAllocator.cpp, line 136]
Event: 1586.834 Thread 0x00007f72f049a3d0 Exception <a 'java/lang/OutOfMemoryError'{0x00000000e00046c0}> (0x00000000e00046c0) 
thrown [src/hotspot/share/gc/shared/memAllocator.cpp, line 138]
Event: 1586.834 Thread 0x00007f72f049a3d0 Implicit null exception at 0x00007f73470e650e to 0x00007f73470e6a8a
Event: 1589.341 Thread 0x00007f72c0000ff0 Exception <a 'java/lang/OutOfMemoryError'{0x00000000e00049e0}> (0x00000000e00049e0) 
thrown [src/hotspot/share/gc/shared/memAllocator.cpp, line 136]
Event: 1591.752 Thread 0x00007f72d80088f0 Exception <a 'java/lang/OutOfMemoryError'{0x00000000e00046c0}> (0x00000000e00046c0) 
thrown [src/hotspot/share/gc/shared/memAllocator.cpp, line 138]
Event: 1591.753 Thread 0x00007f72d80088f0 Implicit null exception at 0x00007f734717c9f8 to 0x00007f734717ce04
Event: 1596.982 Thread 0x00007f72d80088f0 Exception <a 'java/lang/OutOfMemoryError'{0x00000000e00046c0}> (0x00000000e00046c0) 
thrown [src/hotspot/share/gc/shared/memAllocator.cpp, line 138]
Event: 1596.982 Thread 0x00007f72d80088f0 Implicit null exception at 0x00007f734717c9f8 to 0x00007f734717ce04
Event: 1599.542 Thread 0x00007f72d80088f0 Exception <a 'java/lang/OutOfMemoryError'{0x00000000e00049e0}> (0x00000000e00049e0) 
thrown [src/hotspot/share/gc/shared/memAllocator.cpp, line 136]
Event: 1608.460 Thread 0x00007f72d80088f0 Exception <a 'java/lang/OutOfMemoryError'{0x00000000e00049e0}> (0x00000000e00049e0) 
thrown [src/hotspot/share/gc/shared/memAllocator.cpp, line 136]
Event: 1665.419 Thread 0x00007f72d80088f0 Exception <a 'java/lang/OutOfMemoryError'{0x00000000e00049e0}> (0x00000000e00049e0) 
thrown [src/hotspot/share/gc/shared/memAllocator.cpp, line 136]
Event: 1679.480 Thread 0x00007f73580b2210 Exception <a 'java/lang/OutOfMemoryError'{0x00000000e00049e0}> (0x00000000e00049e0) 
thrown [src/hotspot/share/gc/shared/memAllocator.cpp, line 136]

VM Operations (20 events):
Event: 1665.419 Executing VM operation: ParallelGCFailedAllocation
Event: 1666.657 Executing VM operation: ParallelGCFailedAllocation done
Event: 1666.657 Executing VM operation: ParallelGCFailedAllocation
Event: 1668.043 Executing VM operation: ParallelGCFailedAllocation done
Event: 1668.043 Executing VM operation: ParallelGCFailedAllocation
Event: 1669.317 Executing VM operation: ParallelGCFailedAllocation done
Event: 1669.317 Executing VM operation: ParallelGCFailedAllocation
Event: 1670.645 Executing VM operation: ParallelGCFailedAllocation done
Event: 1670.646 Executing VM operation: ParallelGCFailedAllocation
Event: 1671.834 Executing VM operation: ParallelGCFailedAllocation done
Event: 1671.834 Executing VM operation: ParallelGCFailedAllocation
Event: 1673.116 Executing VM operation: ParallelGCFailedAllocation done
Event: 1673.117 Executing VM operation: ParallelGCFailedAllocation
Event: 1674.340 Executing VM operation: ParallelGCFailedAllocation done
Event: 1674.340 Executing VM operation: ParallelGCFailedAllocation
Event: 1675.723 Executing VM operation: ParallelGCFailedAllocation done
Event: 1675.724 Executing VM operation: ParallelGCFailedAllocation
Event: 1676.953 Executing VM operation: ParallelGCFailedAllocation done
Event: 1676.953 Executing VM operation: ParallelGCFailedAllocation
Event: 1679.480 Executing VM operation: ParallelGCFailedAllocation done

Events (20 events):
Event: 937.253 Thread 0x00007f72e00b3a00 Thread added: 0x00007f72e00b3a00
Event: 937.253 Protecting memory [0x00007f733c500000,0x00007f733c504000] with protection modes 0
Event: 1123.669 Thread 0x00007f72d8007280 Thread added: 0x00007f72d8007280
Event: 1123.669 Protecting memory [0x00007f7306900000,0x00007f7306904000] with protection modes 0
Event: 1151.340 Thread 0x00007f72d8007280 Thread exited: 0x00007f72d8007280
Event: 1493.026 loading class java/lang/AssertionError
Event: 1498.234 loading class java/lang/AssertionError done
Event: 1546.428 Thread 0x00007f72dc0304d0 Thread added: 0x00007f72dc0304d0
Event: 1546.428 Protecting memory [0x00007f7306900000,0x00007f7306904000] with protection modes 0
Event: 1575.224 loading class java/lang/Throwable$WrappedPrintStream
Event: 1575.224 loading class java/lang/Throwable$PrintStreamOrWriter
Event: 1589.341 loading class java/lang/Throwable$PrintStreamOrWriter done
Event: 1589.341 loading class java/lang/Throwable$WrappedPrintStream done
Event: 1591.753 Thread 0x00007f72c0000ff0 Thread exited: 0x00007f72c0000ff0
Event: 1659.167 Thread 0x00007f72dc02f470 Thread exited: 0x00007f72dc02f470
Event: 1665.419 loading class java/lang/Throwable$WrappedPrintStream
Event: 1665.419 loading class java/lang/Throwable$PrintStreamOrWriter
Event: 1665.419 loading class java/lang/Throwable$PrintStreamOrWriter done
Event: 1665.419 loading class java/lang/Throwable$WrappedPrintStream done
Event: 1665.419 Thread 0x00007f72d80088f0 Thread exited: 0x00007f72d80088f0


Dynamic libraries:
e0000000-f5580000 rw-p 00000000 00:00 0 
f5580000-f9b00000 rw-p 00000000 00:00 0 
f9b00000-100000000 ---p 00000000 00:00 0 
800000000-800449000 rw-p 00001000 00:1b41 4611686019135357769            /nix/store/gpxl5qgg8kicmcvivwmybwjlpf7wh20l-graalvm17-ce-22.3.0/lib/server/classes.jsa
800449000-800bc8000 r--p 0044a000 00:1b41 4611686019135357769            /nix/store/gpxl5qgg8kicmcvivwmybwjlpf7wh20l-graalvm17-ce-22.3.0/lib/server/classes.jsa
800bc8000-800c00000 ---p 00000000 00:00 0 
800c00000-800c20000 rw-p 00000000 00:00 0 
800c20000-800c40000 rw-p 00000000 00:00 0 
800c40000-800cc0000 rw-p 00000000 00:00 0 
800cc0000-800d00000 rw-p 00000000 00:00 0 
800d00000-800dc0000 rw-p 00000000 00:00 0 
800dc0000-800e00000 rw-p 00000000 00:00 0 
800e00000-800f40000 rw-p 00000000 00:00 0 
800f40000-800fc0000 rw-p 00000000 00:00 0 
800fc0000-801000000 rw-p 00000000 00:00 0 
801000000-801150000 rw-p 00000000 00:00 0 
801150000-840c00000 ---p 00000000 00:00 0 
55816cba2000-55816cba3000 r-xp 00000000 00:1b41 4611686019099417844      /nix/store/gpxl5qgg8kicmcvivwmybwjlpf7wh20l-graalvm17-ce-22.3.0/bin/.java-wrapped
55816cba4000-55816cba5000 r--p 00001000 00:1b41 4611686019099417844      /nix/store/gpxl5qgg8kicmcvivwmybwjlpf7wh20l-graalvm17-ce-22.3.0/bin/.java-wrapped
55816cba5000-55816cba6000 rw-p 00002000 00:1b41 4611686019099417844      /nix/store/gpxl5qgg8kicmcvivwmybwjlpf7wh20l-graalvm17-ce-22.3.0/bin/.java-wrapped
55816cba6000-55816cba7000 rw-p 00004000 00:1b41 4611686019099417844      /nix/store/gpxl5qgg8kicmcvivwmybwjlpf7wh20l-graalvm17-ce-22.3.0/bin/.java-wrapped
55816cba7000-55816cba8000 rw-p 00005000 00:1b41 4611686019099417844      /nix/store/gpxl5qgg8kicmcvivwmybwjlpf7wh20l-graalvm17-ce-22.3.0/bin/.java-wrapped
55816eae8000-55816eb30000 rw-p 00000000 00:00 0                          [heap]
7f72a8000000-7f72a804e000 rw-p 00000000 00:00 0 
7f72a804e000-7f72ac000000 ---p 00000000 00:00 0 
7f72ae4b3000-7f72b8000000 r--s 00000000 00:1b41 4611686019135192581      /nix/store/gpxl5qgg8kicmcvivwmybwjlpf7wh20l-graalvm17-ce-22.3.0/lib/modules
7f72b8000000-7f72b8112000 rw-p 00000000 00:00 0 
7f72b8112000-7f72bc000000 ---p 00000000 00:00 0 
7f72bc000000-7f72bc0c4000 rw-p 00000000 00:00 0 
7f72bc0c4000-7f72c0000000 ---p 00000000 00:00 0 
7f72c0000000-7f72c002a000 rw-p 00000000 00:00 0 
7f72c002a000-7f72c4000000 ---p 00000000 00:00 0 
7f72c4000000-7f72c40dd000 rw-p 00000000 00:00 0 
7f72c40dd000-7f72c8000000 ---p 00000000 00:00 0 
7f72c8000000-7f72c8021000 rw-p 00000000 00:00 0 
7f72c8021000-7f72cc000000 ---p 00000000 00:00 0 
7f72cc000000-7f72cc021000 rw-p 00000000 00:00 0 
7f72cc021000-7f72d0000000 ---p 00000000 00:00 0 
7f72d0000000-7f72d0336000 rw-p 00000000 00:00 0 
7f72d0336000-7f72d4000000 ---p 00000000 00:00 0 
7f72d4000000-7f72d406b000 rw-p 00000000 00:00 0 
7f72d406b000-7f72d8000000 ---p 00000000 00:00 0 
7f72d8000000-7f72d8118000 rw-p 00000000 00:00 0 
7f72d8118000-7f72dc000000 ---p 00000000 00:00 0 
7f72dc000000-7f72dc039000 rw-p 00000000 00:00 0 
7f72dc039000-7f72e0000000 ---p 00000000 00:00 0 
7f72e0000000-7f72e0193000 rw-p 00000000 00:00 0 
7f72e0193000-7f72e4000000 ---p 00000000 00:00 0 
7f72e4000000-7f72e4021000 rw-p 00000000 00:00 0 
7f72e4021000-7f72e8000000 ---p 00000000 00:00 0 
7f72e8000000-7f72e8021000 rw-p 00000000 00:00 0 
7f72e8021000-7f72ec000000 ---p 00000000 00:00 0 
7f72ecc00000-7f72ecfc0000 rw-p 00000000 00:00 0 
7f72ecfc0000-7f72ecfd0000 rw-p 00000000 00:00 0 
7f72ecfd0000-7f72ed000000 ---p 00000000 00:00 0 
7f72ed000000-7f72ed1c0000 rw-p 00000000 00:00 0 
7f72ed1c0000-7f72ed400000 ---p 00000000 00:00 0 
7f72edc00000-7f72edd00000 rw-p 00000000 00:00 0 
7f72edd00000-7f72ede00000 rw-p 00000000 00:00 0 
7f72ede00000-7f72ee320000 rw-p 00000000 00:00 0 
7f72ee320000-7f72ee400000 rw-p 00000000 00:00 0 
7f72ee400000-7f72ee500000 rw-p 00000000 00:00 0 
7f72ee500000-7f72ee600000 rw-p 00000000 00:00 0 
7f72ee600000-7f72ee700000 rw-p 00000000 00:00 0 
7f72ee700000-7f72ee800000 rw-p 00000000 00:00 0 
7f72ee800000-7f72ee900000 rw-p 00000000 00:00 0 
7f72ee900000-7f72eea00000 rw-p 00000000 00:00 0 
7f72eea00000-7f72eec00000 rw-p 00000000 00:00 0 
7f72eec00000-7f72eed00000 rw-p 00000000 00:00 0 
7f72eed00000-7f72eee00000 rw-p 00000000 00:00 0 
7f72eee00000-7f72ef400000 rw-p 00000000 00:00 0 
7f72ef400000-7f72ef500000 rw-p 00000000 00:00 0 
7f72ef500000-7f72ef600000 rw-p 00000000 00:00 0 
7f72ef600000-7f72ef900000 rw-p 00000000 00:00 0 
7f72ef900000-7f72efa00000 rw-p 00000000 00:00 0 
7f72efa00000-7f72efc00000 rw-p 00000000 00:00 0 
7f72efc00000-7f72efc10000 r-xp 00000000 00:1b3e 353                      /home/runner/.cache/jdt-language-server/config/org.eclipse.equinox.launcher/org.eclipse.equinox.launcher.gtk.linux.x86_64_1.2.400.v20211117-0650/eclipse_11600.so
7f72efc10000-7f72efe0f000 ---p 00010000 00:1b3e 353                      /home/runner/.cache/jdt-language-server/config/org.eclipse.equinox.launcher/org.eclipse.equinox.launcher.gtk.linux.x86_64_1.2.400.v20211117-0650/eclipse_11600.so
7f72efe0f000-7f72efe10000 r--p 0000f000 00:1b3e 353                      /home/runner/.cache/jdt-language-server/config/org.eclipse.equinox.launcher/org.eclipse.equinox.launcher.gtk.linux.x86_64_1.2.400.v20211117-0650/eclipse_11600.so
7f72efe10000-7f72efe11000 rw-p 00010000 00:1b3e 353                      /home/runner/.cache/jdt-language-server/config/org.eclipse.equinox.launcher/org.eclipse.equinox.launcher.gtk.linux.x86_64_1.2.400.v20211117-0650/eclipse_11600.so
7f72f0000000-7f72f08f3000 rw-p 00000000 00:00 0 
7f72f08f3000-7f72f4000000 ---p 00000000 00:00 0 
7f72f4000000-7f72f4021000 rw-p 00000000 00:00 0 
7f72f4021000-7f72f8000000 ---p 00000000 00:00 0 
7f72f8000000-7f72f8021000 rw-p 00000000 00:00 0 
7f72f8021000-7f72fc000000 ---p 00000000 00:00 0 
7f72fc000000-7f72fc021000 rw-p 00000000 00:00 0 
7f72fc021000-7f7300000000 ---p 00000000 00:00 0 
7f7300000000-7f7300021000 rw-p 00000000 00:00 0 
7f7300021000-7f7304000000 ---p 00000000 00:00 0 
7f7305300000-7f7305400000 ---p 00000000 00:00 0 
7f7305400000-7f73059af000 r--p 01122000 00:1b41 4611686019135190040      /nix/store/gpxl5qgg8kicmcvivwmybwjlpf7wh20l-graalvm17-ce-22.3.0/lib/libjvmcicompiler.so
7f73059af000-7f7305b00000 r--p 00000000 00:00 0 
7f7305b00000-7f7305b3d000 rw-p 00000000 00:00 0 
7f7305b3d000-7f730605d000 rw-p 0185f000 00:1b41 4611686019135190040      /nix/store/gpxl5qgg8kicmcvivwmybwjlpf7wh20l-graalvm17-ce-22.3.0/lib/libjvmcicompiler.so
7f730605d000-7f7306444000 r--p 01d7f000 00:1b41 4611686019135190040      /nix/store/gpxl5qgg8kicmcvivwmybwjlpf7wh20l-graalvm17-ce-22.3.0/lib/libjvmcicompiler.so
7f7306500000-7f7306504000 ---p 00000000 00:00 0 
7f7306504000-7f7306600000 rw-p 00000000 00:00 0 
7f7306700000-7f7306704000 ---p 00000000 00:00 0 
7f7306704000-7f7306800000 rw-p 00000000 00:00 0 
7f7306900000-7f7306904000 ---p 00000000 00:00 0 
7f7306904000-7f7306a00000 rw-p 00000000 00:00 0 
7f7306b00000-7f7306b04000 ---p 00000000 00:00 0 
7f7306b04000-7f7306c00000 rw-p 00000000 00:00 0 
7f7306d00000-7f7306d04000 ---p 00000000 00:00 0 
7f7306d04000-7f7306e00000 rw-p 00000000 00:00 0 
7f7307a68000-7f7307f00000 rw-p 00000000 00:00 0 
7f7308000000-7f7308021000 rw-p 00000000 00:00 0 
7f7308021000-7f730c000000 ---p 00000000 00:00 0 
7f730c000000-7f730c021000 rw-p 00000000 00:00 0 
7f730c021000-7f7310000000 ---p 00000000 00:00 0 
7f7310000000-7f7310159000 rw-p 00000000 00:00 0 
7f7310159000-7f7314000000 ---p 00000000 00:00 0 
7f7314000000-7f7314021000 rw-p 00000000 00:00 0 
7f7314021000-7f7318000000 ---p 00000000 00:00 0 
7f7318000000-7f73180c9000 rw-p 00000000 00:00 0 
7f73180c9000-7f731c000000 ---p 00000000 00:00 0 
7f731c000000-7f731ca47000 rw-p 00000000 00:00 0 
7f731ca47000-7f7320000000 ---p 00000000 00:00 0 
7f7320000000-7f7320021000 rw-p 00000000 00:00 0 
7f7320021000-7f7324000000 ---p 00000000 00:00 0 
7f7324000000-7f7324021000 rw-p 00000000 00:00 0 
7f7324021000-7f7328000000 ---p 00000000 00:00 0 
7f7328000000-7f7328021000 rw-p 00000000 00:00 0 
7f7328021000-7f732c000000 ---p 00000000 00:00 0 
7f732c000000-7f732c021000 rw-p 00000000 00:00 0 
7f732c021000-7f7330000000 ---p 00000000 00:00 0 
7f7330000000-7f7330021000 rw-p 00000000 00:00 0 
7f7330021000-7f7334000000 ---p 00000000 00:00 0 
7f7334000000-7f7334021000 rw-p 00000000 00:00 0 
7f7334021000-7f7338000000 ---p 00000000 00:00 0 
7f7338000000-7f7338062000 rw-p 00000000 00:00 0 
7f7338062000-7f733c000000 ---p 00000000 00:00 0 
7f733c100000-7f733c104000 ---p 00000000 00:00 0 
7f733c104000-7f733c200000 rw-p 00000000 00:00 0 
7f733c300000-7f733c304000 ---p 00000000 00:00 0 
7f733c304000-7f733c400000 rw-p 00000000 00:00 0 
7f733c500000-7f733c504000 ---p 00000000 00:00 0 
7f733c504000-7f733c600000 rw-p 00000000 00:00 0 
7f733c700000-7f733c704000 ---p 00000000 00:00 0 
7f733c704000-7f733c800000 rw-p 00000000 00:00 0 
7f733c900000-7f733c904000 ---p 00000000 00:00 0 
7f733c904000-7f733ca00000 rw-p 00000000 00:00 0 
7f733cb00000-7f733cb04000 ---p 00000000 00:00 0 
7f733cb04000-7f733cc00000 rw-p 00000000 00:00 0 
7f733cd00000-7f733cd04000 ---p 00000000 00:00 0 
7f733cd04000-7f733ce00000 rw-p 00000000 00:00 0 
7f733cf00000-7f733cf04000 ---p 00000000 00:00 0 
7f733cf04000-7f733d000000 rw-p 00000000 00:00 0 
7f733d000000-7f733f16a000 r-xp 00000000 00:1b41 4611686019135190040      /nix/store/gpxl5qgg8kicmcvivwmybwjlpf7wh20l-graalvm17-ce-22.3.0/lib/libjvmcicompiler.so
7f733f16a000-7f733f369000 ---p 0216a000 00:1b41 4611686019135190040      /nix/store/gpxl5qgg8kicmcvivwmybwjlpf7wh20l-graalvm17-ce-22.3.0/lib/libjvmcicompiler.so
7f733f369000-7f733f36a000 r--p 02169000 00:1b41 4611686019135190040      /nix/store/gpxl5qgg8kicmcvivwmybwjlpf7wh20l-graalvm17-ce-22.3.0/lib/libjvmcicompiler.so
7f733f36a000-7f733f36c000 rw-p 0216a000 00:1b41 4611686019135190040      /nix/store/gpxl5qgg8kicmcvivwmybwjlpf7wh20l-graalvm17-ce-22.3.0/lib/libjvmcicompiler.so
7f733f36c000-7f733f36d000 rw-p 00000000 00:00 0 
7f733f36d000-7f733f372000 rw-p 023c3000 00:1b41 4611686019135190040      /nix/store/gpxl5qgg8kicmcvivwmybwjlpf7wh20l-graalvm17-ce-22.3.0/lib/libjvmcicompiler.so
7f733f3b3000-7f733f3b7000 ---p 00000000 00:00 0 
7f733f3b7000-7f733f4b3000 rw-p 00000000 00:00 0 
7f733f4b3000-7f733f723000 rwxp 00000000 00:00 0 
7f733f723000-7f733fa42000 ---p 00000000 00:00 0 
7f733fa42000-7f73407b2000 rwxp 00000000 00:00 0 
7f73407b2000-7f7346f7a000 ---p 00000000 00:00 0 
7f7346f7a000-7f73471ea000 rwxp 00000000 00:00 0 
7f73471ea000-7f734e4b3000 ---p 00000000 00:00 0 
7f734e4b3000-7f7358000000 r--s 00000000 00:1b41 4611686019135192581      /nix/store/gpxl5qgg8kicmcvivwmybwjlpf7wh20l-graalvm17-ce-22.3.0/lib/modules
7f7358000000-7f7358610000 rw-p 00000000 00:00 0 
7f7358610000-7f735c000000 ---p 00000000 00:00 0 
7f735c100000-7f735c104000 ---p 00000000 00:00 0 
7f735c104000-7f735c200000 rw-p 00000000 00:00 0 
7f735c200000-7f735c204000 ---p 00000000 00:00 0 
7f735c204000-7f735c300000 rw-p 00000000 00:00 0 
7f735c300000-7f735c304000 ---p 00000000 00:00 0 
7f735c304000-7f735c400000 rw-p 00000000 00:00 0 
7f735c500000-7f735c504000 ---p 00000000 00:00 0 
7f735c504000-7f735c600000 rw-p 00000000 00:00 0 
7f735c716000-7f735c717000 ---p 00000000 00:00 0 
7f735c717000-7f735c818000 rw-p 00000000 00:00 0 
7f735c818000-7f735c81c000 ---p 00000000 00:00 0 
7f735c81c000-7f735c918000 rw-p 00000000 00:00 0 
7f735c918000-7f735c91c000 ---p 00000000 00:00 0 
7f735c91c000-7f735ca18000 rw-p 00000000 00:00 0 
7f735ca18000-7f735ca1c000 ---p 00000000 00:00 0 
7f735ca1c000-7f735cb18000 rw-p 00000000 00:00 0 
7f735cb18000-7f735cb1c000 ---p 00000000 00:00 0 
7f735cb1c000-7f735cd18000 rw-p 00000000 00:00 0 
7f735cd18000-7f735cd1c000 ---p 00000000 00:00 0 
7f735cd1c000-7f735cf18000 rw-p 00000000 00:00 0 
7f735cf18000-7f735cf1c000 ---p 00000000 00:00 0 
7f735cf1c000-7f735d018000 rw-p 00000000 00:00 0 
7f735d018000-7f735d01c000 ---p 00000000 00:00 0 
7f735d01c000-7f735d118000 rw-p 00000000 00:00 0 
7f735d118000-7f735d11c000 ---p 00000000 00:00 0 
7f735d11c000-7f735d218000 rw-p 00000000 00:00 0 
7f735d218000-7f735d4fe000 r--p 00000000 00:1b30 28444448                 /usr/lib/locale/locale-archive
7f735d4fe000-7f735d502000 ---p 00000000 00:00 0 
7f735d502000-7f735d5fe000 rw-p 00000000 00:00 0 
7f735d5fe000-7f735d602000 ---p 00000000 00:00 0 
7f735d602000-7f735d6fe000 rw-p 00000000 00:00 0 
7f735d6fe000-7f735d6ff000 ---p 00000000 00:00 0 
7f735d6ff000-7f735dc00000 rw-p 00000000 00:00 0 
7f735dc00000-7f735df00000 rw-p 00000000 00:00 0 
7f735df00000-7f735e000000 rw-p 00000000 00:00 0 
7f735e06c000-7f735e06e000 r-xp 00000000 00:1b41 4611686019135190017      /nix/store/gpxl5qgg8kicmcvivwmybwjlpf7wh20l-graalvm17-ce-22.3.0/lib/libextnet.so
7f735e06e000-7f735e06f000 r--p 00001000 00:1b41 4611686019135190017      /nix/store/gpxl5qgg8kicmcvivwmybwjlpf7wh20l-graalvm17-ce-22.3.0/lib/libextnet.so
7f735e06f000-7f735e070000 rw-p 00002000 00:1b41 4611686019135190017      /nix/store/gpxl5qgg8kicmcvivwmybwjlpf7wh20l-graalvm17-ce-22.3.0/lib/libextnet.so
7f735e070000-7f735e071000 rw-p 00004000 00:1b41 4611686019135190017      /nix/store/gpxl5qgg8kicmcvivwmybwjlpf7wh20l-graalvm17-ce-22.3.0/lib/libextnet.so
7f735e071000-7f735e075000 ---p 00000000 00:00 0 
7f735e075000-7f735e093000 rw-p 00000000 00:00 0 
7f735e093000-7f735e09a000 r-xp 00000000 00:1b41 4611686019135192580      /nix/store/gpxl5qgg8kicmcvivwmybwjlpf7wh20l-graalvm17-ce-22.3.0/lib/libzip.so
7f735e09a000-7f735e09b000 ---p 00007000 00:1b41 4611686019135192580      /nix/store/gpxl5qgg8kicmcvivwmybwjlpf7wh20l-graalvm17-ce-22.3.0/lib/libzip.so
7f735e09b000-7f735e09c000 r--p 00007000 00:1b41 4611686019135192580      /nix/store/gpxl5qgg8kicmcvivwmybwjlpf7wh20l-graalvm17-ce-22.3.0/lib/libzip.so
7f735e09c000-7f735e09d000 rw-p 00008000 00:1b41 4611686019135192580      /nix/store/gpxl5qgg8kicmcvivwmybwjlpf7wh20l-graalvm17-ce-22.3.0/lib/libzip.so
7f735e09d000-7f735e09f000 rw-p 0000b000 00:1b41 4611686019135192580      /nix/store/gpxl5qgg8kicmcvivwmybwjlpf7wh20l-graalvm17-ce-22.3.0/lib/libzip.so
7f735e09f000-7f735e0b4000 r-xp 00000000 00:1b41 4611686019135192570      /nix/store/gpxl5qgg8kicmcvivwmybwjlpf7wh20l-graalvm17-ce-22.3.0/lib/libnet.so
7f735e0b4000-7f735e0b5000 ---p 00015000 00:1b41 4611686019135192570      /nix/store/gpxl5qgg8kicmcvivwmybwjlpf7wh20l-graalvm17-ce-22.3.0/lib/libnet.so
7f735e0b5000-7f735e0b6000 r--p 00015000 00:1b41 4611686019135192570      /nix/store/gpxl5qgg8kicmcvivwmybwjlpf7wh20l-graalvm17-ce-22.3.0/lib/libnet.so
7f735e0b6000-7f735e0b7000 rw-p 00016000 00:1b41 4611686019135192570      /nix/store/gpxl5qgg8kicmcvivwmybwjlpf7wh20l-graalvm17-ce-22.3.0/lib/libnet.so
7f735e0b7000-7f735e0ba000 rw-p 0001b000 00:1b41 4611686019135192570      /nix/store/gpxl5qgg8kicmcvivwmybwjlpf7wh20l-graalvm17-ce-22.3.0/lib/libnet.so
7f735e0ba000-7f735e0cd000 r-xp 00000000 00:1b41 4611686019135192571      /nix/store/gpxl5qgg8kicmcvivwmybwjlpf7wh20l-graalvm17-ce-22.3.0/lib/libnio.so
7f735e0cd000-7f735e0ce000 r--p 00012000 00:1b41 4611686019135192571      /nix/store/gpxl5qgg8kicmcvivwmybwjlpf7wh20l-graalvm17-ce-22.3.0/lib/libnio.so
7f735e0ce000-7f735e0cf000 rw-p 00013000 00:1b41 4611686019135192571      /nix/store/gpxl5qgg8kicmcvivwmybwjlpf7wh20l-graalvm17-ce-22.3.0/lib/libnio.so
7f735e0cf000-7f735e0d4000 rw-p 00019000 00:1b41 4611686019135192571      /nix/store/gpxl5qgg8kicmcvivwmybwjlpf7wh20l-graalvm17-ce-22.3.0/lib/libnio.so
7f735e0d4000-7f735e1a2000 r-xp 00000000 00:1b41 4611686019135190036      /nix/store/gpxl5qgg8kicmcvivwmybwjlpf7wh20l-graalvm17-ce-22.3.0/lib/libjsvml.so
7f735e1a2000-7f735e1a3000 r--p 000cd000 00:1b41 4611686019135190036      /nix/store/gpxl5qgg8kicmcvivwmybwjlpf7wh20l-graalvm17-ce-22.3.0/lib/libjsvml.so
7f735e1a3000-7f735e1a4000 rw-p 000ce000 00:1b41 4611686019135190036      /nix/store/gpxl5qgg8kicmcvivwmybwjlpf7wh20l-graalvm17-ce-22.3.0/lib/libjsvml.so
7f735e1a4000-7f735fa7c000 rw-p 00000000 00:00 0 
7f735fa7c000-7f735fa7d000 ---p 00000000 00:00 0 
7f735fa7d000-7f735fc28000 rw-p 00000000 00:00 0 
7f735fc28000-7f735fc4c000 rw-p 00000000 00:00 0 
7f735fc4c000-7f735fc7e000 ---p 00000000 00:00 0 
7f735fc7e000-7f735fc84000 rw-p 00000000 00:00 0 
7f735fc84000-7f735fd6a000 ---p 00000000 00:00 0 
7f735fd6a000-7f735fd85000 rw-p 00000000 00:00 0 
7f735fd85000-7f735fe55000 ---p 00000000 00:00 0 
7f735fe55000-7f735fe5a000 rw-p 00000000 00:00 0 
7f735fe5a000-7f735fe61000 ---p 00000000 00:00 0 
7f735fe61000-7f735fe85000 r-xp 00000000 00:1b41 4611686019135190028      /nix/store/gpxl5qgg8kicmcvivwmybwjlpf7wh20l-graalvm17-ce-22.3.0/lib/libjava.so
7f735fe85000-7f735fe86000 ---p 00024000 00:1b41 4611686019135190028      /nix/store/gpxl5qgg8kicmcvivwmybwjlpf7wh20l-graalvm17-ce-22.3.0/lib/libjava.so
7f735fe86000-7f735fe87000 r--p 00024000 00:1b41 4611686019135190028      /nix/store/gpxl5qgg8kicmcvivwmybwjlpf7wh20l-graalvm17-ce-22.3.0/lib/libjava.so
7f735fe87000-7f735fe88000 rw-p 00025000 00:1b41 4611686019135190028      /nix/store/gpxl5qgg8kicmcvivwmybwjlpf7wh20l-graalvm17-ce-22.3.0/lib/libjava.so
7f735fe88000-7f735fe89000 rw-p 00000000 00:00 0 
7f735fe89000-7f735fe90000 rw-p 0002f000 00:1b41 4611686019135190028      /nix/store/gpxl5qgg8kicmcvivwmybwjlpf7wh20l-graalvm17-ce-22.3.0/lib/libjava.so
7f735fe90000-7f735fe98000 rw-s 00000000 00:bb4 350                       /tmp/hsperfdata_runner/31
7f735fe98000-7f735fe99000 ---p 00000000 00:00 0 
7f735fe99000-7f735fe9a000 r--p 00000000 00:00 0 
7f735fe9a000-7f735fe9b000 rwxp 00000000 00:00 0 
7f735fe9b000-7f735feb6000 r-xp 00000000 00:1b41 4611686019135190032      /nix/store/gpxl5qgg8kicmcvivwmybwjlpf7wh20l-graalvm17-ce-22.3.0/lib/libjimage.so
7f735feb6000-7f735feb7000 ---p 0001b000 00:1b41 4611686019135190032      /nix/store/gpxl5qgg8kicmcvivwmybwjlpf7wh20l-graalvm17-ce-22.3.0/lib/libjimage.so
7f735feb7000-7f735feb9000 r--p 0001b000 00:1b41 4611686019135190032      /nix/store/gpxl5qgg8kicmcvivwmybwjlpf7wh20l-graalvm17-ce-22.3.0/lib/libjimage.so
7f735feb9000-7f735feba000 rw-p 0001d000 00:1b41 4611686019135190032      /nix/store/gpxl5qgg8kicmcvivwmybwjlpf7wh20l-graalvm17-ce-22.3.0/lib/libjimage.so
7f735feba000-7f735febb000 rw-p 00024000 00:1b41 4611686019135190032      /nix/store/gpxl5qgg8kicmcvivwmybwjlpf7wh20l-graalvm17-ce-22.3.0/lib/libjimage.so
7f735febb000-7f735febf000 ---p 00000000 00:00 0 
7f735febf000-7f735ffbb000 rw-p 00000000 00:00 0 
7f735ffbb000-7f735ffc9000 r--p 00000000 00:1b41 4611686019027979927      /nix/store/4nlgxhb09sdr51nc9hdm8az5b08vzkgx-glibc-2.35-163/lib/libm.so.6
7f735ffc9000-7f736003c000 r-xp 0000e000 00:1b41 4611686019027979927      /nix/store/4nlgxhb09sdr51nc9hdm8az5b08vzkgx-glibc-2.35-163/lib/libm.so.6
7f736003c000-7f7360099000 r--p 00081000 00:1b41 4611686019027979927      /nix/store/4nlgxhb09sdr51nc9hdm8az5b08vzkgx-glibc-2.35-163/lib/libm.so.6
7f7360099000-7f736009a000 r--p 000dd000 00:1b41 4611686019027979927      /nix/store/4nlgxhb09sdr51nc9hdm8az5b08vzkgx-glibc-2.35-163/lib/libm.so.6
7f736009a000-7f736009b000 rw-p 000de000 00:1b41 4611686019027979927      /nix/store/4nlgxhb09sdr51nc9hdm8az5b08vzkgx-glibc-2.35-163/lib/libm.so.6
7f736009b000-7f736009c000 r--p 00000000 00:1b41 4611686019027979946      /nix/store/4nlgxhb09sdr51nc9hdm8az5b08vzkgx-glibc-2.35-163/lib/librt.so.1
7f736009c000-7f736009d000 r-xp 00001000 00:1b41 4611686019027979946      /nix/store/4nlgxhb09sdr51nc9hdm8az5b08vzkgx-glibc-2.35-163/lib/librt.so.1
7f736009d000-7f736009e000 r--p 00002000 00:1b41 4611686019027979946      /nix/store/4nlgxhb09sdr51nc9hdm8az5b08vzkgx-glibc-2.35-163/lib/librt.so.1
7f736009e000-7f736009f000 r--p 00002000 00:1b41 4611686019027979946      /nix/store/4nlgxhb09sdr51nc9hdm8az5b08vzkgx-glibc-2.35-163/lib/librt.so.1
7f736009f000-7f73600a0000 rw-p 00003000 00:1b41 4611686019027979946      /nix/store/4nlgxhb09sdr51nc9hdm8az5b08vzkgx-glibc-2.35-163/lib/librt.so.1
7f73600a0000-7f73611b3000 r-xp 00000000 00:1b41 4611686019135360866      /nix/store/gpxl5qgg8kicmcvivwmybwjlpf7wh20l-graalvm17-ce-22.3.0/lib/server/libjvm.so
7f73611b3000-7f73611b4000 ---p 01113000 00:1b41 4611686019135360866      /nix/store/gpxl5qgg8kicmcvivwmybwjlpf7wh20l-graalvm17-ce-22.3.0/lib/server/libjvm.so
7f73611b4000-7f7361269000 r--p 01113000 00:1b41 4611686019135360866      /nix/store/gpxl5qgg8kicmcvivwmybwjlpf7wh20l-graalvm17-ce-22.3.0/lib/server/libjvm.so
7f7361269000-7f736129d000 rw-p 011c8000 00:1b41 4611686019135360866      /nix/store/gpxl5qgg8kicmcvivwmybwjlpf7wh20l-graalvm17-ce-22.3.0/lib/server/libjvm.so
7f736129d000-7f73612f9000 rw-p 00000000 00:00 0 
7f73612f9000-7f7361321000 r--p 00000000 00:1b41 4611686019027979918      /nix/store/4nlgxhb09sdr51nc9hdm8az5b08vzkgx-glibc-2.35-163/lib/libc.so.6
7f7361321000-7f7361497000 r-xp 00028000 00:1b41 4611686019027979918      /nix/store/4nlgxhb09sdr51nc9hdm8az5b08vzkgx-glibc-2.35-163/lib/libc.so.6
7f7361497000-7f73614ef000 r--p 0019e000 00:1b41 4611686019027979918      /nix/store/4nlgxhb09sdr51nc9hdm8az5b08vzkgx-glibc-2.35-163/lib/libc.so.6
7f73614ef000-7f73614f3000 r--p 001f6000 00:1b41 4611686019027979918      /nix/store/4nlgxhb09sdr51nc9hdm8az5b08vzkgx-glibc-2.35-163/lib/libc.so.6
7f73614f3000-7f73614f5000 rw-p 001fa000 00:1b41 4611686019027979918      /nix/store/4nlgxhb09sdr51nc9hdm8az5b08vzkgx-glibc-2.35-163/lib/libc.so.6
7f73614f5000-7f7361504000 rw-p 00000000 00:00 0 
7f7361504000-7f7361505000 r--p 00000000 00:1b41 4611686019027979923      /nix/store/4nlgxhb09sdr51nc9hdm8az5b08vzkgx-glibc-2.35-163/lib/libdl.so.2
7f7361505000-7f7361506000 r-xp 00001000 00:1b41 4611686019027979923      /nix/store/4nlgxhb09sdr51nc9hdm8az5b08vzkgx-glibc-2.35-163/lib/libdl.so.2
7f7361506000-7f7361507000 r--p 00002000 00:1b41 4611686019027979923      /nix/store/4nlgxhb09sdr51nc9hdm8az5b08vzkgx-glibc-2.35-163/lib/libdl.so.2
7f7361507000-7f7361508000 r--p 00002000 00:1b41 4611686019027979923      /nix/store/4nlgxhb09sdr51nc9hdm8az5b08vzkgx-glibc-2.35-163/lib/libdl.so.2
7f7361508000-7f7361509000 rw-p 00003000 00:1b41 4611686019027979923      /nix/store/4nlgxhb09sdr51nc9hdm8az5b08vzkgx-glibc-2.35-163/lib/libdl.so.2
7f7361509000-7f736150a000 r--p 00000000 00:1b41 4611686019027979942      /nix/store/4nlgxhb09sdr51nc9hdm8az5b08vzkgx-glibc-2.35-163/lib/libpthread.so.0
7f736150a000-7f736150b000 r-xp 00001000 00:1b41 4611686019027979942      /nix/store/4nlgxhb09sdr51nc9hdm8az5b08vzkgx-glibc-2.35-163/lib/libpthread.so.0
7f736150b000-7f736150c000 r--p 00002000 00:1b41 4611686019027979942      /nix/store/4nlgxhb09sdr51nc9hdm8az5b08vzkgx-glibc-2.35-163/lib/libpthread.so.0
7f736150c000-7f736150d000 r--p 00002000 00:1b41 4611686019027979942      /nix/store/4nlgxhb09sdr51nc9hdm8az5b08vzkgx-glibc-2.35-163/lib/libpthread.so.0
7f736150d000-7f736150e000 rw-p 00003000 00:1b41 4611686019027979942      /nix/store/4nlgxhb09sdr51nc9hdm8az5b08vzkgx-glibc-2.35-163/lib/libpthread.so.0
7f736150e000-7f736151c000 r-xp 00000000 00:1b41 4611686019135190033      /nix/store/gpxl5qgg8kicmcvivwmybwjlpf7wh20l-graalvm17-ce-22.3.0/lib/libjli.so
7f736151c000-7f736151d000 ---p 0000e000 00:1b41 4611686019135190033      /nix/store/gpxl5qgg8kicmcvivwmybwjlpf7wh20l-graalvm17-ce-22.3.0/lib/libjli.so
7f736151d000-7f736151e000 r--p 0000e000 00:1b41 4611686019135190033      /nix/store/gpxl5qgg8kicmcvivwmybwjlpf7wh20l-graalvm17-ce-22.3.0/lib/libjli.so
7f736151e000-7f736151f000 rw-p 0000f000 00:1b41 4611686019135190033      /nix/store/gpxl5qgg8kicmcvivwmybwjlpf7wh20l-graalvm17-ce-22.3.0/lib/libjli.so
7f736151f000-7f7361520000 rw-p 00012000 00:1b41 4611686019135190033      /nix/store/gpxl5qgg8kicmcvivwmybwjlpf7wh20l-graalvm17-ce-22.3.0/lib/libjli.so
7f7361520000-7f7361523000 r--p 00000000 00:1b41 4611686019106210071      /nix/store/026hln0aq1hyshaxsdvhg0kmcm6yf45r-zlib-1.2.13/lib/libz.so.1.2.13
7f7361523000-7f7361535000 r-xp 00003000 00:1b41 4611686019106210071      /nix/store/026hln0aq1hyshaxsdvhg0kmcm6yf45r-zlib-1.2.13/lib/libz.so.1.2.13
7f7361535000-7f736153c000 r--p 00015000 00:1b41 4611686019106210071      /nix/store/026hln0aq1hyshaxsdvhg0kmcm6yf45r-zlib-1.2.13/lib/libz.so.1.2.13
7f736153c000-7f736153d000 r--p 0001b000 00:1b41 4611686019106210071      /nix/store/026hln0aq1hyshaxsdvhg0kmcm6yf45r-zlib-1.2.13/lib/libz.so.1.2.13
7f736153d000-7f736153e000 rw-p 0001c000 00:1b41 4611686019106210071      /nix/store/026hln0aq1hyshaxsdvhg0kmcm6yf45r-zlib-1.2.13/lib/libz.so.1.2.13
7f736153e000-7f7361540000 rw-p 00000000 00:00 0 
7f7361540000-7f7361542000 r--p 00000000 00:1b41 4611686019027979912      /nix/store/4nlgxhb09sdr51nc9hdm8az5b08vzkgx-glibc-2.35-163/lib/ld-linux-x86-64.so.2
7f7361542000-7f7361569000 r-xp 00002000 00:1b41 4611686019027979912      /nix/store/4nlgxhb09sdr51nc9hdm8az5b08vzkgx-glibc-2.35-163/lib/ld-linux-x86-64.so.2
7f7361569000-7f7361575000 r--p 00029000 00:1b41 4611686019027979912      /nix/store/4nlgxhb09sdr51nc9hdm8az5b08vzkgx-glibc-2.35-163/lib/ld-linux-x86-64.so.2
7f7361575000-7f7361577000 r--p 00034000 00:1b41 4611686019027979912      /nix/store/4nlgxhb09sdr51nc9hdm8az5b08vzkgx-glibc-2.35-163/lib/ld-linux-x86-64.so.2
7f7361577000-7f7361579000 rw-p 00036000 00:1b41 4611686019027979912      /nix/store/4nlgxhb09sdr51nc9hdm8az5b08vzkgx-glibc-2.35-163/lib/ld-linux-x86-64.so.2
7ffdc2abc000-7ffdc2ae0000 rw-p 00000000 00:00 0                          [stack]
7ffdc2aee000-7ffdc2af2000 r--p 00000000 00:00 0                          [vvar]
7ffdc2af2000-7ffdc2af4000 r-xp 00000000 00:00 0                          [vdso]
ffffffffff600000-ffffffffff601000 --xp 00000000 00:00 0                  [vsyscall]


VM Arguments:
jvm_args: -XX:ThreadPriorityPolicy=1 -XX:+UnlockExperimentalVMOptions -XX:+EnableJVMCIProduct -XX:JVMCIThreadsPerNativeLibraryRuntime=1 -XX:-UnlockExperimentalVMOptions -Declipse.application=org.eclipse.jdt.ls.core.id1 -Dosgi.bundles.defaultStartLevel=4 -Declipse.product=org.eclipse.jdt.ls.core.product -Dlog.level=ALL -Xverify:none -XX:+UseParallelGC -XX:GCTimeRatio=4 -XX:AdaptiveSizePolicyWeight=90 -Dsun.zip.disableMemoryMapping=true -Xmx512m -Xms100m 
java_command: /nix/store/m6gcpi1ii6rghy04cjwjddcavv7i90df-jdt-language-server-1.9.0/share/java/plugins/org.eclipse.equinox.launcher_1.6.400.v20210924-0641.jar --add-modules=ALL-SYSTEM --add-opens java.base/java.util=ALL-UNNAMED --add-opens java.base/java.lang=ALL-UNNAMED -configuration /home/runner/.cache/jdt-language-server/config -data /home/runner/.cache/jdt-language-server/data/home/runner/stable-program-VeryProfessionalUsername
java_class_path (initial): /nix/store/m6gcpi1ii6rghy04cjwjddcavv7i90df-jdt-language-server-1.9.0/share/java/plugins/org.eclipse.equinox.launcher_1.6.400.v20210924-0641.jar
Launcher Type: SUN_STANDARD

[Global flags]
    uintx AdaptiveSizePolicyWeight                 = 90                                        {product} {command line}
     intx CICompilerCount                          = 2                                         {product} {ergonomic}
     bool EnableJVMCIProduct                       = true                                {JVMCI product} {jimage}
    uintx GCTimeRatio                              = 4                                         {product} {command line}
   size_t InitialHeapSize                          = 104857600                                 {product} {command line}
     uint JVMCIThreadsPerNativeLibraryRuntime      = 1                                   {JVMCI product} {jimage}
   size_t MaxHeapSize                              = 536870912                                 {product} {command line}
   size_t MaxNewSize                               = 178782208                                 {product} {ergonomic}
   size_t MinHeapDeltaBytes                        = 524288                                    {product} {ergonomic}
   size_t MinHeapSize                              = 104857600                                 {product} {command line}
   size_t NewSize                                  = 34603008                                  {product} {ergonomic}
    uintx NonNMethodCodeHeapSize                   = 5826188                                {pd product} {ergonomic}
    uintx NonProfiledCodeHeapSize                  = 122916026                              {pd product} {ergonomic}
   size_t OldSize                                  = 70254592                                  {product} {ergonomic}
    uintx ProfiledCodeHeapSize                     = 122916026                              {pd product} {ergonomic}
    uintx ReservedCodeCacheSize                    = 251658240                              {pd product} {ergonomic}
     bool SegmentedCodeCache                       = true                                      {product} {ergonomic}
   size_t SoftMaxHeapSize                          = 536870912                              {manageable} {ergonomic}
     intx ThreadPriorityPolicy                     = 1                                         {product} {jimage}
     bool UseCompressedClassPointers               = true                           {product lp64_product} {ergonomic}
     bool UseCompressedOops                        = true                           {product lp64_product} {ergonomic}
     bool UseParallelGC                            = true                                      {product} {command line}

Logging:
Log output configuration:
 #0: stdout all=warning uptime,level,tags
 #1: stderr all=off uptime,level,tags

Environment Variables:
JAVA_HOME=/nix/store/gpxl5qgg8kicmcvivwmybwjlpf7wh20l-graalvm17-ce-22.3.0
PATH=/nix/store/1d6ian3r8kdzspw8hacjhl3xkp40g1lj-binutils-wrapper-2.39/bin:/nix/store/dq0xwmsk1g0i2ayg6pb7y87na2knzylh-gcc-wrapper-11.3.0/bin:/nix/store/bap4d0lpcrhpwmpb8ayjcgkmvfj62lnq-bash-interactive-5.1-p16/bin:/nix/store/pr5n59mb4jzmfx6kanwxly0l07p861fg-patchelf-0.15.0/bin:/nix/store/1gf2flfqnpqbr1b4p4qz2f72y42bs56r-gcc-11.3.0/bin:/nix/store/57xv61c5zi8pphjbcwxxjlgc34p61ic9-glibc-2.35-163-bin/bin:/nix/store/a7gvj343m05j2s32xcnwr35v31ynlypr-coreutils-9.1/bin:/nix/store/039g378vc3pc3dvi9dzdlrd0i4q93qwf-binutils-2.39/bin:/nix/store/gpxl5qgg8kicmcvivwmybwjlpf7wh20l-graalvm17-ce-22.3.0/bin:/nix/store/6z9ag3ihc8mq2hzsw48lhbznvzny65nz-apache-maven-3.8.6/bin:/nix/store/m6gcpi1ii6rghy04cjwjddcavv7i90df-jdt-language-server-1.9.0/bin:/nix/store/84xs5alhs01zrbr4ywm05kxbjbp5590l-java-debug/bin:/nix/store/mydc6f4k2z73xlcz7ilif3v2lcaiqvza-findutils-4.9.0/bin:/nix/store/j9p3g8472iijd50vhdprx0nmk2fqn5gv-diffutils-3.8/bin:/nix/store/89zs7rms6x00xfq4dq6m7mjnhkr8a6r4-gnused-4.8/bin:/nix/store/86bp03jkmsl6f92w0yzg4s59g5mhxwmy-gnugrep-3.7/bin:/nix/store/hwcdqw4jrjnd37wxqgsd47hd0j8bnj09-gawk-5.1.1/bin:/nix/store/cfbhw8r8ags41vwqaz47r583d0p4h4a1-gnutar-1.34/bin:/nix/store/p3m1ndl1lapwrlh698bnb5lvvxh67378-gzip-1.12/bin:/nix/store/a8mhcagrsly7c7mpjrpsnaahk4aax056-bzip2-1.0.8-bin/bin:/nix/store/mblgz65m3zv9x548a3d5m96fj2pbwr09-gnumake-4.3/bin:/nix/store/dsd5gz46hdbdk2rfdimqddhq6m8m8fqs-bash-5.1-p16/bin:/nix/store/v7ljksji50mg3w61dykaa3n3y79n6nil-patch-2.7.6/bin:/nix/store/zlcnmqq14jz5x9439jf937mvayyl63da-xz-5.2.7-bin/bin:/nix/store/y6aj732zm9m87c82fpvf103a1xb22blp-file-5.43/bin:/nix/store/sgqd0ajghcv2axfl1lad0b1alyavp0dc-prybar-elisp-0.0.0-67f7a00/bin:/nix/store/p3hsvljpgs68jqwar41lc0jqhjj734lf-prybar-lua-0.0.0-67f7a00/bin:/nix/store/qzxs2gybds3s9kb1vkaflpgm2nwr85fh-prybar-python3-0.0.0-67f7a00/bin:/nix/store/km94z9mxp8w4m8gxxp5mbfpdf3nkfvd8-prybar-sqlite-0.0.0-67f7a00/bin:/nix/store/2pnc7b76asw0z59c4l6h6qy8arwqrii1-prybar-tcl-0.0.0-67f7a00/bin:/nix/store/hpbvrlwd5viqmvcaisb3x0118i913a9n-st
LD_LIBRARY_PATH=/nix/store/a4pff549sk2idnkpzk5nsfps3mdkdnvm-cups-2.4.2-lib/lib:/nix/store/72mqxxhh3cy5yifh92wh2yb8cl2hikyy-cairo-1.16.0/lib:/nix/store/2k366jrbsra97gjfxwvrhvixjfxdach5-glib-2.74.1/lib:/nix/store/2j2znigd8ak37rlwh9khz0ry3clqlw1l-gtk+3-3.24.34/lib:/nix/store/hisqvx32cd57apbpcsnkpx6k3549wql1-libglvnd-1.4.0/lib:/nix/store/p36pgcv991mq5srvg765b78yqpxvk3qs-mesa-21.3.3-drivers/lib:/nix/store/mav4251if1ahjq5vkpwycyyvnmy459c4-pulseaudio-14.2/lib
DISPLAY=:0
LANG=en_US.UTF-8

Signal Handlers:
   SIGSEGV: crash_handler in libjvm.so, mask=11100100010111111101111111111110, flags=SA_RESTART|SA_SIGINFO
    SIGBUS: crash_handler in libjvm.so, mask=11100100010111111101111111111110, flags=SA_RESTART|SA_SIGINFO
    SIGFPE: crash_handler in libjvm.so, mask=11100100010111111101111111111110, flags=SA_RESTART|SA_SIGINFO
   SIGPIPE: IsolateEnterStub_IgnoreSIGPIPEStartupHook_noopSignalHandler_8f19bff2f35b5f630d83b364d6b2339320d4ec70_216e8361c6bc87a8f89f58cc10d3b2fd4415bf87 in libjvmcicompiler.so, mask=00000000000000000000000000000000, flags=SA_RESTART
  *** Handler was modified!
  *** Expected: javaSignalHandler in libjvm.so, mask=11100100110111111111111111111110, flags=SA_RESTART|SA_SIGINFO
   SIGXFSZ: javaSignalHandler in libjvm.so, mask=11100100010111111101111111111110, flags=SA_RESTART|SA_SIGINFO
    SIGILL: crash_handler in libjvm.so, mask=11100100010111111101111111111110, flags=SA_RESTART|SA_SIGINFO
   SIGUSR2: SR_handler in libjvm.so, mask=00000000000000000000000000000000, flags=SA_RESTART|SA_SIGINFO
    SIGHUP: UserHandler in libjvm.so, mask=11100100010111111101111111111110, flags=SA_RESTART|SA_SIGINFO
    SIGINT: UserHandler in libjvm.so, mask=11100100010111111101111111111110, flags=SA_RESTART|SA_SIGINFO
   SIGTERM: UserHandler in libjvm.so, mask=11100100010111111101111111111110, flags=SA_RESTART|SA_SIGINFO
   SIGQUIT: UserHandler in libjvm.so, mask=11100100010111111101111111111110, flags=SA_RESTART|SA_SIGINFO
  *** Handler was modified!
  *** Expected: javaSignalHandler in libjvm.so, mask=11100100110111111111111111111110, flags=SA_RESTART|SA_SIGINFO
   SIGTRAP: crash_handler in libjvm.so, mask=11100100010111111101111111111110, flags=SA_RESTART|SA_SIGINFO


---------------  S Y S T E M  ---------------

OS:
DISTRIB_ID=Ubuntu
DISTRIB_RELEASE=20.04
DISTRIB_CODENAME=focal
DISTRIB_DESCRIPTION="Ubuntu 20.04.2 LTS"
uname: Linux 5.15.0-1029-gcp #36~20.04.1-Ubuntu SMP Tue Jan 24 16:54:15 UTC 2023 x86_64
OS uptime: 0 days 4:12 hours
libc: glibc 2.35 NPTL 2.35 
rlimit (soft/hard): STACK 8192k/infinity , CORE infinity/infinity , NPROC infinity/infinity , NOFILE 5242/5242 , AS infinity/infinity , CPU infinity/infinity , DATA infinity/infinity , FSIZE infinity/infinity , MEMLOCK 64k/64k
load average: 14.45 13.53 13.61

/proc/meminfo:
MemTotal:       65852724 kB
MemFree:        25648988 kB
MemAvailable:   47972980 kB
Buffers:         2463768 kB
Cached:         18760208 kB
SwapCached:            0 kB
Active:         10230188 kB
Inactive:       25935744 kB
Active(anon):      15004 kB
Inactive(anon): 14602356 kB
Active(file):   10215184 kB
Inactive(file): 11333388 kB
Unevictable:       44716 kB
Mlocked:           44716 kB
SwapTotal:             0 kB
SwapFree:              0 kB
Dirty:              2572 kB
Writeback:             0 kB
AnonPages:      14354532 kB
Mapped:          1925872 kB
Shmem:             35976 kB
KReclaimable:    1502020 kB
Slab:            3060084 kB
SReclaimable:    1502020 kB
SUnreclaim:      1558064 kB
KernelStack:      403444 kB
PageTables:       150104 kB
NFS_Unstable:          0 kB
Bounce:                0 kB
WritebackTmp:          0 kB
CommitLimit:    32926360 kB
Committed_AS:   70404760 kB
VmallocTotal:   34359738367 kB
VmallocUsed:      444424 kB
VmallocChunk:          0 kB
Percpu:            69024 kB
HardwareCorrupted:     0 kB
AnonHugePages:    743424 kB
ShmemHugePages:        0 kB
ShmemPmdMapped:        0 kB
FileHugePages:         0 kB
FilePmdMapped:         0 kB
HugePages_Total:       0
HugePages_Free:        0
HugePages_Rsvd:        0
HugePages_Surp:        0
Hugepagesize:       2048 kB
Hugetlb:               0 kB
DirectMap4k:     4424512 kB
DirectMap2M:    37515264 kB
DirectMap1G:    27262976 kB

/sys/kernel/mm/transparent_hugepage/enabled: always [madvise] never
/sys/kernel/mm/transparent_hugepage/defrag (defrag/compaction efforts parameter): always defer defer+madvise [madvise] never

Process Memory:
Virtual Size: 4514428K (peak: 4603708K)
Resident Set Size: 723732K (peak: 758804K) (anon: 526680K, file: 197052K, shmem: 0K)
Swapped out: 0K
C-Heap outstanding allocations: 39672K, retained: 10223K
glibc malloc tunables: (default)

/proc/sys/kernel/threads-max (system-wide limit on the number of threads): 514406
/proc/sys/vm/max_map_count (maximum number of memory map areas a process may have): 65530
/proc/sys/kernel/pid_max (system-wide limit on number of process identifiers): 4194304

container (cgroup) information:
container_type: cgroupv1
cpu_cpuset_cpus: 2-7
cpu_memory_nodes: 0
active_processor_count: 1
cpu_quota: 50000
cpu_period: 100000
cpu_shares: 512
memory_limit_in_bytes: 1048576 k
memory_and_swap_limit_in_bytes: 1048576 k
memory_soft_limit_in_bytes: 524288 k
memory_usage_in_bytes: 929424 k
memory_max_usage_in_bytes: 1048576 k
maximum number of tasks: 1000
current number of tasks: 50

KVM virtualization detected
Steal ticks since vm start: 0
Steal ticks percentage since vm start:  0.000

CPU: total 8 (initial active 1) (8 cores per cpu, 2 threads per core) family 23 model 49 stepping 0 microcode 0xffffffff, cx8, cmov, fxsr, ht, mmx, 3dnowpref, sse, sse2, sse3, ssse3, sse4a, sse4.1, sse4.2, popcnt, lzcnt, tsc, tscinvbit, avx, avx2, aes, clmul, bmi1, bmi2, adx, sha, fma, vzeroupper, clflush, clflushopt, hv
CPU Model and flags from /proc/cpuinfo:
model name	: AMD EPYC 7B12
flags		: fpu vme de pse tsc msr pae mce cx8 apic sep mtrr pge mca cmov pat pse36 clflush mmx fxsr sse sse2 ht syscall nx mmxext fxsr_opt pdpe1gb rdtscp lm constant_tsc rep_good nopl nonstop_tsc cpuid extd_apicid tsc_known_freq pni pclmulqdq ssse3 fma cx16 sse4_1 sse4_2 movbe popcnt aes xsave avx f16c rdrand hypervisor lahf_lm cmp_legacy cr8_legacy abm sse4a misalignsse 3dnowprefetch osvw topoext ssbd ibrs ibpb stibp vmmcall fsgsbase tsc_adjust bmi1 avx2 smep bmi2 rdseed adx smap clflushopt clwb sha_ni xsaveopt xsavec xgetbv1 clzero xsaveerptr arat npt nrip_save umip rdpid

Online cpus: 0-7
Offline cpus: 
BIOS frequency limitation: <Not Available>
Frequency switch latency (ns): <Not Available>
Available cpu frequencies: <Not Available>
Current governor: <Not Available>
Core performance/turbo boost: <Not Available>

Memory: 4k page, physical 1048576k(119140k free), swap 0k(0k free)
Page Sizes: 4k

vm_info: OpenJDK 64-Bit Server VM (17.0.5+8-jvmci-22.3-b08) for linux-amd64 JRE (17.0.5+8-jvmci-22.3-b08), built on Oct 19 2022 09:01:27 by "buildslave" with gcc 10.3.0

END.
